{"__type":"$$EventMessageWorkflow","id":"102ce4eb-531b-43ed-8cc7-b6594c475bad","ts":"2025-12-11T05:43:44.507+00:00","eventName":"n8n.workflow.started","message":"n8n.workflow.started","payload":{"executionId":"432","workflowId":"tlSqkuiV9ypfc5aP","isManual":false,"workflowName":"email-service"}}
{"__type":"$$EventMessageConfirm","confirm":"102ce4eb-531b-43ed-8cc7-b6594c475bad","ts":"2025-12-11T05:43:44.508+00:00","source":{"id":"0","name":"eventBus"}}
{"__type":"$$EventMessageNode","id":"0d3ca499-6d0d-42ee-8335-9b652fc6d7ad","ts":"2025-12-11T05:43:44.509+00:00","eventName":"n8n.node.started","message":"n8n.node.started","payload":{"workflowId":"tlSqkuiV9ypfc5aP","workflowName":"email-service","executionId":"432","nodeType":"n8n-nodes-base.gmailTrigger","nodeName":"Gmail Trigger","nodeId":"2acd3d2a-69a3-4bbb-8b7a-0f5356b09ed3"}}
{"__type":"$$EventMessageConfirm","confirm":"0d3ca499-6d0d-42ee-8335-9b652fc6d7ad","ts":"2025-12-11T05:43:44.509+00:00","source":{"id":"0","name":"eventBus"}}
{"__type":"$$EventMessageNode","id":"e1d7ad87-c286-4a30-a468-8f4bda303a4f","ts":"2025-12-11T05:43:44.511+00:00","eventName":"n8n.node.finished","message":"n8n.node.finished","payload":{"workflowId":"tlSqkuiV9ypfc5aP","workflowName":"email-service","executionId":"432","nodeType":"n8n-nodes-base.gmailTrigger","nodeName":"Gmail Trigger","nodeId":"2acd3d2a-69a3-4bbb-8b7a-0f5356b09ed3"}}
{"__type":"$$EventMessageConfirm","confirm":"e1d7ad87-c286-4a30-a468-8f4bda303a4f","ts":"2025-12-11T05:43:44.511+00:00","source":{"id":"0","name":"eventBus"}}
{"__type":"$$EventMessageNode","id":"5dc9efc4-6482-4b5e-8eb4-43357c8a0e74","ts":"2025-12-11T05:43:44.512+00:00","eventName":"n8n.node.started","message":"n8n.node.started","payload":{"workflowId":"tlSqkuiV9ypfc5aP","workflowName":"email-service","executionId":"432","nodeType":"n8n-nodes-base.code","nodeName":"Code","nodeId":"d156ea1a-f0de-4365-9520-1d03c9206138"}}
{"__type":"$$EventMessageConfirm","confirm":"5dc9efc4-6482-4b5e-8eb4-43357c8a0e74","ts":"2025-12-11T05:43:44.512+00:00","source":{"id":"0","name":"eventBus"}}
{"__type":"$$EventMessageNode","id":"ea4c1f05-63e1-42e3-9666-2efdd7270579","ts":"2025-12-11T11:13:44.558+05:30","eventName":"n8n.node.finished","message":"n8n.node.finished","payload":{"workflowId":"tlSqkuiV9ypfc5aP","workflowName":"email-service","executionId":"432","nodeType":"n8n-nodes-base.code","nodeName":"Code","nodeId":"d156ea1a-f0de-4365-9520-1d03c9206138"}}
{"__type":"$$EventMessageConfirm","confirm":"ea4c1f05-63e1-42e3-9666-2efdd7270579","ts":"2025-12-11T11:13:44.559+05:30","source":{"id":"0","name":"eventBus"}}
{"__type":"$$EventMessageNode","id":"337a532d-2b5c-4930-930f-25823ee55202","ts":"2025-12-11T11:13:44.559+05:30","eventName":"n8n.node.started","message":"n8n.node.started","payload":{"workflowId":"tlSqkuiV9ypfc5aP","workflowName":"email-service","executionId":"432","nodeType":"n8n-nodes-base.googleSheets","nodeName":"Append row in sheet","nodeId":"9d4a8f60-afa4-459f-afff-800f617e3002"}}
{"__type":"$$EventMessageConfirm","confirm":"337a532d-2b5c-4930-930f-25823ee55202","ts":"2025-12-11T11:13:44.559+05:30","source":{"id":"0","name":"eventBus"}}
{"__type":"$$EventMessageNode","id":"ca833646-22b0-4afa-a163-5b97e6e87933","ts":"2025-12-11T11:13:48.929+05:30","eventName":"n8n.node.finished","message":"n8n.node.finished","payload":{"workflowId":"tlSqkuiV9ypfc5aP","workflowName":"email-service","executionId":"432","nodeType":"n8n-nodes-base.googleSheets","nodeName":"Append row in sheet","nodeId":"9d4a8f60-afa4-459f-afff-800f617e3002"}}
{"__type":"$$EventMessageConfirm","confirm":"ca833646-22b0-4afa-a163-5b97e6e87933","ts":"2025-12-11T11:13:48.929+05:30","source":{"id":"0","name":"eventBus"}}
{"__type":"$$EventMessageWorkflow","id":"c68209bb-8a43-4677-ae8d-f5b92586c718","ts":"2025-12-11T11:13:48.932+05:30","eventName":"n8n.workflow.success","message":"n8n.workflow.success","payload":{"executionId":"432","success":true,"isManual":false,"workflowId":"tlSqkuiV9ypfc5aP","workflowName":"email-service"}}
{"__type":"$$EventMessageConfirm","confirm":"c68209bb-8a43-4677-ae8d-f5b92586c718","ts":"2025-12-11T11:13:48.932+05:30","source":{"id":"0","name":"eventBus"}}
{"__type":"$$EventMessageWorkflow","id":"e8bfa2b7-a29e-49a4-ac16-6f1fb7f83290","ts":"2025-12-11T11:14:44.875+05:30","eventName":"n8n.workflow.started","message":"n8n.workflow.started","payload":{"executionId":"433","workflowId":"tlSqkuiV9ypfc5aP","isManual":false,"workflowName":"email-service"}}
{"__type":"$$EventMessageConfirm","confirm":"e8bfa2b7-a29e-49a4-ac16-6f1fb7f83290","ts":"2025-12-11T11:14:44.875+05:30","source":{"id":"0","name":"eventBus"}}
{"__type":"$$EventMessageNode","id":"077a3b4b-11ee-44b1-b799-b1679a469b05","ts":"2025-12-11T11:14:44.876+05:30","eventName":"n8n.node.started","message":"n8n.node.started","payload":{"workflowId":"tlSqkuiV9ypfc5aP","workflowName":"email-service","executionId":"433","nodeType":"n8n-nodes-base.gmailTrigger","nodeName":"Gmail Trigger","nodeId":"2acd3d2a-69a3-4bbb-8b7a-0f5356b09ed3"}}
{"__type":"$$EventMessageConfirm","confirm":"077a3b4b-11ee-44b1-b799-b1679a469b05","ts":"2025-12-11T11:14:44.876+05:30","source":{"id":"0","name":"eventBus"}}
{"__type":"$$EventMessageNode","id":"d22293e0-f80e-48cf-a7be-3d48dd112eca","ts":"2025-12-11T11:14:44.876+05:30","eventName":"n8n.node.finished","message":"n8n.node.finished","payload":{"workflowId":"tlSqkuiV9ypfc5aP","workflowName":"email-service","executionId":"433","nodeType":"n8n-nodes-base.gmailTrigger","nodeName":"Gmail Trigger","nodeId":"2acd3d2a-69a3-4bbb-8b7a-0f5356b09ed3"}}
{"__type":"$$EventMessageConfirm","confirm":"d22293e0-f80e-48cf-a7be-3d48dd112eca","ts":"2025-12-11T11:14:44.876+05:30","source":{"id":"0","name":"eventBus"}}
{"__type":"$$EventMessageNode","id":"271c2d94-ef11-44f8-9df7-904ea0ea4c46","ts":"2025-12-11T11:14:44.876+05:30","eventName":"n8n.node.started","message":"n8n.node.started","payload":{"workflowId":"tlSqkuiV9ypfc5aP","workflowName":"email-service","executionId":"433","nodeType":"n8n-nodes-base.code","nodeName":"Code","nodeId":"d156ea1a-f0de-4365-9520-1d03c9206138"}}
{"__type":"$$EventMessageConfirm","confirm":"271c2d94-ef11-44f8-9df7-904ea0ea4c46","ts":"2025-12-11T11:14:44.876+05:30","source":{"id":"0","name":"eventBus"}}
{"__type":"$$EventMessageNode","id":"787d589c-d443-421e-8e74-5ec4e6d59da4","ts":"2025-12-11T11:14:44.887+05:30","eventName":"n8n.node.finished","message":"n8n.node.finished","payload":{"workflowId":"tlSqkuiV9ypfc5aP","workflowName":"email-service","executionId":"433","nodeType":"n8n-nodes-base.code","nodeName":"Code","nodeId":"d156ea1a-f0de-4365-9520-1d03c9206138"}}
{"__type":"$$EventMessageConfirm","confirm":"787d589c-d443-421e-8e74-5ec4e6d59da4","ts":"2025-12-11T11:14:44.888+05:30","source":{"id":"0","name":"eventBus"}}
{"__type":"$$EventMessageNode","id":"cfffec7f-5c97-4371-879f-f38fda991b91","ts":"2025-12-11T11:14:44.888+05:30","eventName":"n8n.node.started","message":"n8n.node.started","payload":{"workflowId":"tlSqkuiV9ypfc5aP","workflowName":"email-service","executionId":"433","nodeType":"n8n-nodes-base.googleSheets","nodeName":"Append row in sheet","nodeId":"9d4a8f60-afa4-459f-afff-800f617e3002"}}
{"__type":"$$EventMessageConfirm","confirm":"cfffec7f-5c97-4371-879f-f38fda991b91","ts":"2025-12-11T11:14:44.888+05:30","source":{"id":"0","name":"eventBus"}}
{"__type":"$$EventMessageNode","id":"0ca51a02-3f12-4206-abcc-200b2c140014","ts":"2025-12-11T11:14:48.721+05:30","eventName":"n8n.node.finished","message":"n8n.node.finished","payload":{"workflowId":"tlSqkuiV9ypfc5aP","workflowName":"email-service","executionId":"433","nodeType":"n8n-nodes-base.googleSheets","nodeName":"Append row in sheet","nodeId":"9d4a8f60-afa4-459f-afff-800f617e3002"}}
{"__type":"$$EventMessageConfirm","confirm":"0ca51a02-3f12-4206-abcc-200b2c140014","ts":"2025-12-11T11:14:48.722+05:30","source":{"id":"0","name":"eventBus"}}
{"__type":"$$EventMessageWorkflow","id":"accd0c32-e1e6-40ed-ac44-4cf2ba74e943","ts":"2025-12-11T11:14:48.723+05:30","eventName":"n8n.workflow.success","message":"n8n.workflow.success","payload":{"executionId":"433","success":true,"isManual":false,"workflowId":"tlSqkuiV9ypfc5aP","workflowName":"email-service"}}
{"__type":"$$EventMessageConfirm","confirm":"accd0c32-e1e6-40ed-ac44-4cf2ba74e943","ts":"2025-12-11T11:14:48.723+05:30","source":{"id":"0","name":"eventBus"}}
{"__type":"$$EventMessageWorkflow","id":"c34ca398-2d6e-48f9-92c0-c3c8406ba20c","ts":"2025-12-11T11:18:44.399+05:30","eventName":"n8n.workflow.started","message":"n8n.workflow.started","payload":{"executionId":"434","workflowId":"tlSqkuiV9ypfc5aP","isManual":false,"workflowName":"email-service"}}
{"__type":"$$EventMessageConfirm","confirm":"c34ca398-2d6e-48f9-92c0-c3c8406ba20c","ts":"2025-12-11T11:18:44.400+05:30","source":{"id":"0","name":"eventBus"}}
{"__type":"$$EventMessageNode","id":"b9a25d6d-1fd9-48a8-b76c-4e5dbee738ed","ts":"2025-12-11T11:18:44.400+05:30","eventName":"n8n.node.started","message":"n8n.node.started","payload":{"workflowId":"tlSqkuiV9ypfc5aP","workflowName":"email-service","executionId":"434","nodeType":"n8n-nodes-base.gmailTrigger","nodeName":"Gmail Trigger","nodeId":"2acd3d2a-69a3-4bbb-8b7a-0f5356b09ed3"}}
{"__type":"$$EventMessageConfirm","confirm":"b9a25d6d-1fd9-48a8-b76c-4e5dbee738ed","ts":"2025-12-11T11:18:44.400+05:30","source":{"id":"0","name":"eventBus"}}
{"__type":"$$EventMessageNode","id":"09446897-99a9-4bcf-84e2-99a2cafac746","ts":"2025-12-11T11:18:44.401+05:30","eventName":"n8n.node.finished","message":"n8n.node.finished","payload":{"workflowId":"tlSqkuiV9ypfc5aP","workflowName":"email-service","executionId":"434","nodeType":"n8n-nodes-base.gmailTrigger","nodeName":"Gmail Trigger","nodeId":"2acd3d2a-69a3-4bbb-8b7a-0f5356b09ed3"}}
{"__type":"$$EventMessageConfirm","confirm":"09446897-99a9-4bcf-84e2-99a2cafac746","ts":"2025-12-11T11:18:44.401+05:30","source":{"id":"0","name":"eventBus"}}
{"__type":"$$EventMessageNode","id":"85fb7f2f-fada-4cd6-b9f7-4846627f9ec4","ts":"2025-12-11T11:18:44.401+05:30","eventName":"n8n.node.started","message":"n8n.node.started","payload":{"workflowId":"tlSqkuiV9ypfc5aP","workflowName":"email-service","executionId":"434","nodeType":"n8n-nodes-base.code","nodeName":"Code","nodeId":"d156ea1a-f0de-4365-9520-1d03c9206138"}}
{"__type":"$$EventMessageConfirm","confirm":"85fb7f2f-fada-4cd6-b9f7-4846627f9ec4","ts":"2025-12-11T11:18:44.401+05:30","source":{"id":"0","name":"eventBus"}}
{"__type":"$$EventMessageNode","id":"aca5e539-3151-496d-8c92-71f0acbc2acc","ts":"2025-12-11T11:18:44.414+05:30","eventName":"n8n.node.finished","message":"n8n.node.finished","payload":{"workflowId":"tlSqkuiV9ypfc5aP","workflowName":"email-service","executionId":"434","nodeType":"n8n-nodes-base.code","nodeName":"Code","nodeId":"d156ea1a-f0de-4365-9520-1d03c9206138"}}
{"__type":"$$EventMessageConfirm","confirm":"aca5e539-3151-496d-8c92-71f0acbc2acc","ts":"2025-12-11T11:18:44.414+05:30","source":{"id":"0","name":"eventBus"}}
{"__type":"$$EventMessageNode","id":"2af7cfa5-07f2-4537-aa8f-b525dc8f19a1","ts":"2025-12-11T11:18:44.415+05:30","eventName":"n8n.node.started","message":"n8n.node.started","payload":{"workflowId":"tlSqkuiV9ypfc5aP","workflowName":"email-service","executionId":"434","nodeType":"n8n-nodes-base.googleSheets","nodeName":"Append row in sheet","nodeId":"9d4a8f60-afa4-459f-afff-800f617e3002"}}
{"__type":"$$EventMessageConfirm","confirm":"2af7cfa5-07f2-4537-aa8f-b525dc8f19a1","ts":"2025-12-11T11:18:44.415+05:30","source":{"id":"0","name":"eventBus"}}
{"__type":"$$EventMessageNode","id":"8518c6c5-d0ef-4c70-a25c-eed0c483fe0f","ts":"2025-12-11T11:18:49.440+05:30","eventName":"n8n.node.finished","message":"n8n.node.finished","payload":{"workflowId":"tlSqkuiV9ypfc5aP","workflowName":"email-service","executionId":"434","nodeType":"n8n-nodes-base.googleSheets","nodeName":"Append row in sheet","nodeId":"9d4a8f60-afa4-459f-afff-800f617e3002"}}
{"__type":"$$EventMessageConfirm","confirm":"8518c6c5-d0ef-4c70-a25c-eed0c483fe0f","ts":"2025-12-11T11:18:49.440+05:30","source":{"id":"0","name":"eventBus"}}
{"__type":"$$EventMessageWorkflow","id":"dd798278-acb5-4c67-998b-f2f7c04b2ebb","ts":"2025-12-11T11:18:49.440+05:30","eventName":"n8n.workflow.success","message":"n8n.workflow.success","payload":{"executionId":"434","success":true,"isManual":false,"workflowId":"tlSqkuiV9ypfc5aP","workflowName":"email-service"}}
{"__type":"$$EventMessageConfirm","confirm":"dd798278-acb5-4c67-998b-f2f7c04b2ebb","ts":"2025-12-11T11:18:49.440+05:30","source":{"id":"0","name":"eventBus"}}
{"__type":"$$EventMessageWorkflow","id":"2577c664-8610-4e4f-8e92-57899ddda42f","ts":"2025-12-11T11:19:44.413+05:30","eventName":"n8n.workflow.started","message":"n8n.workflow.started","payload":{"executionId":"435","workflowId":"tlSqkuiV9ypfc5aP","isManual":false,"workflowName":"email-service"}}
{"__type":"$$EventMessageConfirm","confirm":"2577c664-8610-4e4f-8e92-57899ddda42f","ts":"2025-12-11T11:19:44.413+05:30","source":{"id":"0","name":"eventBus"}}
{"__type":"$$EventMessageNode","id":"e86c1d7c-4558-4e9f-a8d6-005cd29c9488","ts":"2025-12-11T11:19:44.413+05:30","eventName":"n8n.node.started","message":"n8n.node.started","payload":{"workflowId":"tlSqkuiV9ypfc5aP","workflowName":"email-service","executionId":"435","nodeType":"n8n-nodes-base.gmailTrigger","nodeName":"Gmail Trigger","nodeId":"2acd3d2a-69a3-4bbb-8b7a-0f5356b09ed3"}}
{"__type":"$$EventMessageConfirm","confirm":"e86c1d7c-4558-4e9f-a8d6-005cd29c9488","ts":"2025-12-11T11:19:44.414+05:30","source":{"id":"0","name":"eventBus"}}
{"__type":"$$EventMessageNode","id":"bfe2188e-72d2-4654-a617-39938815df69","ts":"2025-12-11T11:19:44.414+05:30","eventName":"n8n.node.finished","message":"n8n.node.finished","payload":{"workflowId":"tlSqkuiV9ypfc5aP","workflowName":"email-service","executionId":"435","nodeType":"n8n-nodes-base.gmailTrigger","nodeName":"Gmail Trigger","nodeId":"2acd3d2a-69a3-4bbb-8b7a-0f5356b09ed3"}}
{"__type":"$$EventMessageConfirm","confirm":"bfe2188e-72d2-4654-a617-39938815df69","ts":"2025-12-11T11:19:44.414+05:30","source":{"id":"0","name":"eventBus"}}
{"__type":"$$EventMessageNode","id":"6780b7f7-aeed-4dae-9297-1a17d29d6f87","ts":"2025-12-11T11:19:44.414+05:30","eventName":"n8n.node.started","message":"n8n.node.started","payload":{"workflowId":"tlSqkuiV9ypfc5aP","workflowName":"email-service","executionId":"435","nodeType":"n8n-nodes-base.code","nodeName":"Code","nodeId":"d156ea1a-f0de-4365-9520-1d03c9206138"}}
{"__type":"$$EventMessageConfirm","confirm":"6780b7f7-aeed-4dae-9297-1a17d29d6f87","ts":"2025-12-11T11:19:44.414+05:30","source":{"id":"0","name":"eventBus"}}
{"__type":"$$EventMessageNode","id":"584c43ab-e8f5-4a3e-b3ca-22dd79be00df","ts":"2025-12-11T11:19:44.422+05:30","eventName":"n8n.node.finished","message":"n8n.node.finished","payload":{"workflowId":"tlSqkuiV9ypfc5aP","workflowName":"email-service","executionId":"435","nodeType":"n8n-nodes-base.code","nodeName":"Code","nodeId":"d156ea1a-f0de-4365-9520-1d03c9206138"}}
{"__type":"$$EventMessageConfirm","confirm":"584c43ab-e8f5-4a3e-b3ca-22dd79be00df","ts":"2025-12-11T11:19:44.422+05:30","source":{"id":"0","name":"eventBus"}}
{"__type":"$$EventMessageNode","id":"f7c23e22-cecd-4ba5-8912-1d5990b34ad5","ts":"2025-12-11T11:19:44.423+05:30","eventName":"n8n.node.started","message":"n8n.node.started","payload":{"workflowId":"tlSqkuiV9ypfc5aP","workflowName":"email-service","executionId":"435","nodeType":"n8n-nodes-base.googleSheets","nodeName":"Append row in sheet","nodeId":"9d4a8f60-afa4-459f-afff-800f617e3002"}}
{"__type":"$$EventMessageConfirm","confirm":"f7c23e22-cecd-4ba5-8912-1d5990b34ad5","ts":"2025-12-11T11:19:44.423+05:30","source":{"id":"0","name":"eventBus"}}
{"__type":"$$EventMessageNode","id":"a5358593-b132-4914-a79d-747485f915cb","ts":"2025-12-11T11:19:47.323+05:30","eventName":"n8n.node.finished","message":"n8n.node.finished","payload":{"workflowId":"tlSqkuiV9ypfc5aP","workflowName":"email-service","executionId":"435","nodeType":"n8n-nodes-base.googleSheets","nodeName":"Append row in sheet","nodeId":"9d4a8f60-afa4-459f-afff-800f617e3002"}}
{"__type":"$$EventMessageConfirm","confirm":"a5358593-b132-4914-a79d-747485f915cb","ts":"2025-12-11T11:19:47.323+05:30","source":{"id":"0","name":"eventBus"}}
{"__type":"$$EventMessageWorkflow","id":"9bad773c-abb9-4fae-869c-5f3c31ee4fc2","ts":"2025-12-11T11:19:47.323+05:30","eventName":"n8n.workflow.success","message":"n8n.workflow.success","payload":{"executionId":"435","success":true,"isManual":false,"workflowId":"tlSqkuiV9ypfc5aP","workflowName":"email-service"}}
{"__type":"$$EventMessageConfirm","confirm":"9bad773c-abb9-4fae-869c-5f3c31ee4fc2","ts":"2025-12-11T11:19:47.323+05:30","source":{"id":"0","name":"eventBus"}}
{"__type":"$$EventMessageWorkflow","id":"153a0734-a8ff-405c-99d5-03eed192a641","ts":"2025-12-11T11:20:44.705+05:30","eventName":"n8n.workflow.started","message":"n8n.workflow.started","payload":{"executionId":"436","workflowId":"tlSqkuiV9ypfc5aP","isManual":false,"workflowName":"email-service"}}
{"__type":"$$EventMessageConfirm","confirm":"153a0734-a8ff-405c-99d5-03eed192a641","ts":"2025-12-11T11:20:44.705+05:30","source":{"id":"0","name":"eventBus"}}
{"__type":"$$EventMessageNode","id":"c5c4a14a-7d59-4451-b44a-4955089e1f75","ts":"2025-12-11T11:20:44.705+05:30","eventName":"n8n.node.started","message":"n8n.node.started","payload":{"workflowId":"tlSqkuiV9ypfc5aP","workflowName":"email-service","executionId":"436","nodeType":"n8n-nodes-base.gmailTrigger","nodeName":"Gmail Trigger","nodeId":"2acd3d2a-69a3-4bbb-8b7a-0f5356b09ed3"}}
{"__type":"$$EventMessageConfirm","confirm":"c5c4a14a-7d59-4451-b44a-4955089e1f75","ts":"2025-12-11T11:20:44.705+05:30","source":{"id":"0","name":"eventBus"}}
{"__type":"$$EventMessageNode","id":"3bfdabe2-37e2-4db9-ab08-cbc406a6cb79","ts":"2025-12-11T11:20:44.706+05:30","eventName":"n8n.node.finished","message":"n8n.node.finished","payload":{"workflowId":"tlSqkuiV9ypfc5aP","workflowName":"email-service","executionId":"436","nodeType":"n8n-nodes-base.gmailTrigger","nodeName":"Gmail Trigger","nodeId":"2acd3d2a-69a3-4bbb-8b7a-0f5356b09ed3"}}
{"__type":"$$EventMessageConfirm","confirm":"3bfdabe2-37e2-4db9-ab08-cbc406a6cb79","ts":"2025-12-11T11:20:44.706+05:30","source":{"id":"0","name":"eventBus"}}
{"__type":"$$EventMessageNode","id":"47c5396d-2351-46c6-a030-7f5b84a06469","ts":"2025-12-11T11:20:44.706+05:30","eventName":"n8n.node.started","message":"n8n.node.started","payload":{"workflowId":"tlSqkuiV9ypfc5aP","workflowName":"email-service","executionId":"436","nodeType":"n8n-nodes-base.code","nodeName":"Code","nodeId":"d156ea1a-f0de-4365-9520-1d03c9206138"}}
{"__type":"$$EventMessageConfirm","confirm":"47c5396d-2351-46c6-a030-7f5b84a06469","ts":"2025-12-11T11:20:44.706+05:30","source":{"id":"0","name":"eventBus"}}
{"__type":"$$EventMessageNode","id":"cfa6e2e6-560c-4d1f-8ee4-191572fb9282","ts":"2025-12-11T11:20:44.712+05:30","eventName":"n8n.node.finished","message":"n8n.node.finished","payload":{"workflowId":"tlSqkuiV9ypfc5aP","workflowName":"email-service","executionId":"436","nodeType":"n8n-nodes-base.code","nodeName":"Code","nodeId":"d156ea1a-f0de-4365-9520-1d03c9206138"}}
{"__type":"$$EventMessageConfirm","confirm":"cfa6e2e6-560c-4d1f-8ee4-191572fb9282","ts":"2025-12-11T11:20:44.712+05:30","source":{"id":"0","name":"eventBus"}}
{"__type":"$$EventMessageNode","id":"065050b0-a7b9-4459-870d-7f7409c0554e","ts":"2025-12-11T11:20:44.712+05:30","eventName":"n8n.node.started","message":"n8n.node.started","payload":{"workflowId":"tlSqkuiV9ypfc5aP","workflowName":"email-service","executionId":"436","nodeType":"n8n-nodes-base.googleSheets","nodeName":"Append row in sheet","nodeId":"9d4a8f60-afa4-459f-afff-800f617e3002"}}
{"__type":"$$EventMessageConfirm","confirm":"065050b0-a7b9-4459-870d-7f7409c0554e","ts":"2025-12-11T11:20:44.712+05:30","source":{"id":"0","name":"eventBus"}}
{"__type":"$$EventMessageNode","id":"72b65fc1-72d4-49ee-9e9a-90feb1c99949","ts":"2025-12-11T11:20:47.809+05:30","eventName":"n8n.node.finished","message":"n8n.node.finished","payload":{"workflowId":"tlSqkuiV9ypfc5aP","workflowName":"email-service","executionId":"436","nodeType":"n8n-nodes-base.googleSheets","nodeName":"Append row in sheet","nodeId":"9d4a8f60-afa4-459f-afff-800f617e3002"}}
{"__type":"$$EventMessageConfirm","confirm":"72b65fc1-72d4-49ee-9e9a-90feb1c99949","ts":"2025-12-11T11:20:47.809+05:30","source":{"id":"0","name":"eventBus"}}
{"__type":"$$EventMessageWorkflow","id":"49b3f904-cf87-49da-ae51-f6852c50dcb5","ts":"2025-12-11T11:20:47.810+05:30","eventName":"n8n.workflow.success","message":"n8n.workflow.success","payload":{"executionId":"436","success":true,"isManual":false,"workflowId":"tlSqkuiV9ypfc5aP","workflowName":"email-service"}}
{"__type":"$$EventMessageConfirm","confirm":"49b3f904-cf87-49da-ae51-f6852c50dcb5","ts":"2025-12-11T11:20:47.810+05:30","source":{"id":"0","name":"eventBus"}}
{"__type":"$$EventMessageWorkflow","id":"cd113860-b987-4c45-944e-cf63b3ebe0f3","ts":"2025-12-11T13:33:09.583+05:30","eventName":"n8n.workflow.started","message":"n8n.workflow.started","payload":{"executionId":"437","workflowId":"tlSqkuiV9ypfc5aP","isManual":false,"workflowName":"email-service"}}
{"__type":"$$EventMessageConfirm","confirm":"cd113860-b987-4c45-944e-cf63b3ebe0f3","ts":"2025-12-11T13:33:09.584+05:30","source":{"id":"0","name":"eventBus"}}
{"__type":"$$EventMessageNode","id":"b51a6bea-6193-4e55-ac11-f0af8d873807","ts":"2025-12-11T13:33:09.584+05:30","eventName":"n8n.node.started","message":"n8n.node.started","payload":{"workflowId":"tlSqkuiV9ypfc5aP","workflowName":"email-service","executionId":"437","nodeType":"n8n-nodes-base.gmailTrigger","nodeName":"Gmail Trigger","nodeId":"2acd3d2a-69a3-4bbb-8b7a-0f5356b09ed3"}}
{"__type":"$$EventMessageConfirm","confirm":"b51a6bea-6193-4e55-ac11-f0af8d873807","ts":"2025-12-11T13:33:09.584+05:30","source":{"id":"0","name":"eventBus"}}
{"__type":"$$EventMessageNode","id":"018f4f22-e60c-40bd-951c-ab146c580578","ts":"2025-12-11T13:33:09.585+05:30","eventName":"n8n.node.finished","message":"n8n.node.finished","payload":{"workflowId":"tlSqkuiV9ypfc5aP","workflowName":"email-service","executionId":"437","nodeType":"n8n-nodes-base.gmailTrigger","nodeName":"Gmail Trigger","nodeId":"2acd3d2a-69a3-4bbb-8b7a-0f5356b09ed3"}}
{"__type":"$$EventMessageConfirm","confirm":"018f4f22-e60c-40bd-951c-ab146c580578","ts":"2025-12-11T13:33:09.585+05:30","source":{"id":"0","name":"eventBus"}}
{"__type":"$$EventMessageNode","id":"dc2ec8c2-f4e7-4f78-98c0-6bd0afe0aff8","ts":"2025-12-11T13:33:09.585+05:30","eventName":"n8n.node.started","message":"n8n.node.started","payload":{"workflowId":"tlSqkuiV9ypfc5aP","workflowName":"email-service","executionId":"437","nodeType":"n8n-nodes-base.code","nodeName":"Code","nodeId":"d156ea1a-f0de-4365-9520-1d03c9206138"}}
{"__type":"$$EventMessageConfirm","confirm":"dc2ec8c2-f4e7-4f78-98c0-6bd0afe0aff8","ts":"2025-12-11T13:33:09.585+05:30","source":{"id":"0","name":"eventBus"}}
{"__type":"$$EventMessageNode","id":"3a05a69e-9309-456d-9d63-4aa89c7319d1","ts":"2025-12-11T13:33:09.602+05:30","eventName":"n8n.node.finished","message":"n8n.node.finished","payload":{"workflowId":"tlSqkuiV9ypfc5aP","workflowName":"email-service","executionId":"437","nodeType":"n8n-nodes-base.code","nodeName":"Code","nodeId":"d156ea1a-f0de-4365-9520-1d03c9206138"}}
{"__type":"$$EventMessageConfirm","confirm":"3a05a69e-9309-456d-9d63-4aa89c7319d1","ts":"2025-12-11T13:33:09.602+05:30","source":{"id":"0","name":"eventBus"}}
{"__type":"$$EventMessageNode","id":"f88a0398-d823-47f1-9452-ff314ac3ec1d","ts":"2025-12-11T13:33:09.602+05:30","eventName":"n8n.node.started","message":"n8n.node.started","payload":{"workflowId":"tlSqkuiV9ypfc5aP","workflowName":"email-service","executionId":"437","nodeType":"n8n-nodes-base.googleSheets","nodeName":"Append row in sheet","nodeId":"9d4a8f60-afa4-459f-afff-800f617e3002"}}
{"__type":"$$EventMessageConfirm","confirm":"f88a0398-d823-47f1-9452-ff314ac3ec1d","ts":"2025-12-11T13:33:09.602+05:30","source":{"id":"0","name":"eventBus"}}
{"__type":"$$EventMessageNode","id":"4bc162e5-14d9-47b3-a7fe-633b37acec4f","ts":"2025-12-11T13:33:13.885+05:30","eventName":"n8n.node.finished","message":"n8n.node.finished","payload":{"workflowId":"tlSqkuiV9ypfc5aP","workflowName":"email-service","executionId":"437","nodeType":"n8n-nodes-base.googleSheets","nodeName":"Append row in sheet","nodeId":"9d4a8f60-afa4-459f-afff-800f617e3002"}}
{"__type":"$$EventMessageConfirm","confirm":"4bc162e5-14d9-47b3-a7fe-633b37acec4f","ts":"2025-12-11T13:33:13.885+05:30","source":{"id":"0","name":"eventBus"}}
{"__type":"$$EventMessageWorkflow","id":"62a2bed1-7752-4f8f-808a-20301d8476e2","ts":"2025-12-11T13:33:13.886+05:30","eventName":"n8n.workflow.success","message":"n8n.workflow.success","payload":{"executionId":"437","success":true,"isManual":false,"workflowId":"tlSqkuiV9ypfc5aP","workflowName":"email-service"}}
{"__type":"$$EventMessageConfirm","confirm":"62a2bed1-7752-4f8f-808a-20301d8476e2","ts":"2025-12-11T13:33:13.886+05:30","source":{"id":"0","name":"eventBus"}}
{"__type":"$$EventMessageWorkflow","id":"548d4a3d-8901-426e-b4dc-f1489242f2ab","ts":"2025-12-11T13:38:44.661+05:30","eventName":"n8n.workflow.started","message":"n8n.workflow.started","payload":{"executionId":"438","workflowId":"tlSqkuiV9ypfc5aP","isManual":false,"workflowName":"email-service"}}
{"__type":"$$EventMessageConfirm","confirm":"548d4a3d-8901-426e-b4dc-f1489242f2ab","ts":"2025-12-11T13:38:44.662+05:30","source":{"id":"0","name":"eventBus"}}
{"__type":"$$EventMessageNode","id":"5647ebfd-5c20-45ae-807f-2f66434d6c64","ts":"2025-12-11T13:38:44.662+05:30","eventName":"n8n.node.started","message":"n8n.node.started","payload":{"workflowId":"tlSqkuiV9ypfc5aP","workflowName":"email-service","executionId":"438","nodeType":"n8n-nodes-base.gmailTrigger","nodeName":"Gmail Trigger","nodeId":"2acd3d2a-69a3-4bbb-8b7a-0f5356b09ed3"}}
{"__type":"$$EventMessageConfirm","confirm":"5647ebfd-5c20-45ae-807f-2f66434d6c64","ts":"2025-12-11T13:38:44.662+05:30","source":{"id":"0","name":"eventBus"}}
{"__type":"$$EventMessageNode","id":"51fe3743-f4e3-4d65-8085-2e777c522df5","ts":"2025-12-11T13:38:44.662+05:30","eventName":"n8n.node.finished","message":"n8n.node.finished","payload":{"workflowId":"tlSqkuiV9ypfc5aP","workflowName":"email-service","executionId":"438","nodeType":"n8n-nodes-base.gmailTrigger","nodeName":"Gmail Trigger","nodeId":"2acd3d2a-69a3-4bbb-8b7a-0f5356b09ed3"}}
{"__type":"$$EventMessageConfirm","confirm":"51fe3743-f4e3-4d65-8085-2e777c522df5","ts":"2025-12-11T13:38:44.663+05:30","source":{"id":"0","name":"eventBus"}}
{"__type":"$$EventMessageNode","id":"db13a113-7487-4f7d-baec-08f581c49da6","ts":"2025-12-11T13:38:44.663+05:30","eventName":"n8n.node.started","message":"n8n.node.started","payload":{"workflowId":"tlSqkuiV9ypfc5aP","workflowName":"email-service","executionId":"438","nodeType":"n8n-nodes-base.code","nodeName":"Code","nodeId":"d156ea1a-f0de-4365-9520-1d03c9206138"}}
{"__type":"$$EventMessageConfirm","confirm":"db13a113-7487-4f7d-baec-08f581c49da6","ts":"2025-12-11T13:38:44.663+05:30","source":{"id":"0","name":"eventBus"}}
{"__type":"$$EventMessageNode","id":"bb3f635c-6ffc-4b89-aa80-6cd2c58f0029","ts":"2025-12-11T13:38:44.676+05:30","eventName":"n8n.node.finished","message":"n8n.node.finished","payload":{"workflowId":"tlSqkuiV9ypfc5aP","workflowName":"email-service","executionId":"438","nodeType":"n8n-nodes-base.code","nodeName":"Code","nodeId":"d156ea1a-f0de-4365-9520-1d03c9206138"}}
{"__type":"$$EventMessageConfirm","confirm":"bb3f635c-6ffc-4b89-aa80-6cd2c58f0029","ts":"2025-12-11T13:38:44.676+05:30","source":{"id":"0","name":"eventBus"}}
{"__type":"$$EventMessageNode","id":"e26702e5-5eac-4189-a08f-de62f0aaf22f","ts":"2025-12-11T13:38:44.676+05:30","eventName":"n8n.node.started","message":"n8n.node.started","payload":{"workflowId":"tlSqkuiV9ypfc5aP","workflowName":"email-service","executionId":"438","nodeType":"n8n-nodes-base.googleSheets","nodeName":"Append row in sheet","nodeId":"9d4a8f60-afa4-459f-afff-800f617e3002"}}
{"__type":"$$EventMessageConfirm","confirm":"e26702e5-5eac-4189-a08f-de62f0aaf22f","ts":"2025-12-11T13:38:44.676+05:30","source":{"id":"0","name":"eventBus"}}
{"__type":"$$EventMessageNode","id":"e53b28b1-2fb3-4253-b35f-5f7d2127bb34","ts":"2025-12-11T13:38:48.109+05:30","eventName":"n8n.node.finished","message":"n8n.node.finished","payload":{"workflowId":"tlSqkuiV9ypfc5aP","workflowName":"email-service","executionId":"438","nodeType":"n8n-nodes-base.googleSheets","nodeName":"Append row in sheet","nodeId":"9d4a8f60-afa4-459f-afff-800f617e3002"}}
{"__type":"$$EventMessageConfirm","confirm":"e53b28b1-2fb3-4253-b35f-5f7d2127bb34","ts":"2025-12-11T13:38:48.109+05:30","source":{"id":"0","name":"eventBus"}}
{"__type":"$$EventMessageWorkflow","id":"938320c4-567f-442f-9d5d-c684665ff6fc","ts":"2025-12-11T13:38:48.110+05:30","eventName":"n8n.workflow.success","message":"n8n.workflow.success","payload":{"executionId":"438","success":true,"isManual":false,"workflowId":"tlSqkuiV9ypfc5aP","workflowName":"email-service"}}
{"__type":"$$EventMessageConfirm","confirm":"938320c4-567f-442f-9d5d-c684665ff6fc","ts":"2025-12-11T13:38:48.110+05:30","source":{"id":"0","name":"eventBus"}}
