{"__type":"$$EventMessageWorkflow","id":"2bc1b14c-b96b-4ac2-8885-b28ccd6c50a4","ts":"2025-12-11T08:40:28.600+00:00","eventName":"n8n.workflow.started","message":"n8n.workflow.started","payload":{"executionId":"439","workflowId":"tlSqkuiV9ypfc5aP","isManual":false,"workflowName":"email-service"}}
{"__type":"$$EventMessageConfirm","confirm":"2bc1b14c-b96b-4ac2-8885-b28ccd6c50a4","ts":"2025-12-11T08:40:28.601+00:00","source":{"id":"0","name":"eventBus"}}
{"__type":"$$EventMessageNode","id":"2ffac030-1cf4-44e1-b004-ac9fe941a7e0","ts":"2025-12-11T08:40:28.602+00:00","eventName":"n8n.node.started","message":"n8n.node.started","payload":{"workflowId":"tlSqkuiV9ypfc5aP","workflowName":"email-service","executionId":"439","nodeType":"n8n-nodes-base.gmailTrigger","nodeName":"Gmail Trigger","nodeId":"2acd3d2a-69a3-4bbb-8b7a-0f5356b09ed3"}}
{"__type":"$$EventMessageConfirm","confirm":"2ffac030-1cf4-44e1-b004-ac9fe941a7e0","ts":"2025-12-11T08:40:28.602+00:00","source":{"id":"0","name":"eventBus"}}
{"__type":"$$EventMessageNode","id":"8c25a3b7-2e20-411b-972f-8c17a39fe31b","ts":"2025-12-11T08:40:28.604+00:00","eventName":"n8n.node.finished","message":"n8n.node.finished","payload":{"workflowId":"tlSqkuiV9ypfc5aP","workflowName":"email-service","executionId":"439","nodeType":"n8n-nodes-base.gmailTrigger","nodeName":"Gmail Trigger","nodeId":"2acd3d2a-69a3-4bbb-8b7a-0f5356b09ed3"}}
{"__type":"$$EventMessageConfirm","confirm":"8c25a3b7-2e20-411b-972f-8c17a39fe31b","ts":"2025-12-11T08:40:28.604+00:00","source":{"id":"0","name":"eventBus"}}
{"__type":"$$EventMessageNode","id":"8a87266b-5b62-496c-9505-b7e864919e8d","ts":"2025-12-11T08:40:28.604+00:00","eventName":"n8n.node.started","message":"n8n.node.started","payload":{"workflowId":"tlSqkuiV9ypfc5aP","workflowName":"email-service","executionId":"439","nodeType":"n8n-nodes-base.code","nodeName":"Code","nodeId":"d156ea1a-f0de-4365-9520-1d03c9206138"}}
{"__type":"$$EventMessageConfirm","confirm":"8a87266b-5b62-496c-9505-b7e864919e8d","ts":"2025-12-11T08:40:28.604+00:00","source":{"id":"0","name":"eventBus"}}
{"__type":"$$EventMessageNode","id":"e872732c-a791-4e75-b07f-2cbb4de6953d","ts":"2025-12-11T14:10:28.635+05:30","eventName":"n8n.node.finished","message":"n8n.node.finished","payload":{"workflowId":"tlSqkuiV9ypfc5aP","workflowName":"email-service","executionId":"439","nodeType":"n8n-nodes-base.code","nodeName":"Code","nodeId":"d156ea1a-f0de-4365-9520-1d03c9206138"}}
{"__type":"$$EventMessageConfirm","confirm":"e872732c-a791-4e75-b07f-2cbb4de6953d","ts":"2025-12-11T14:10:28.636+05:30","source":{"id":"0","name":"eventBus"}}
{"__type":"$$EventMessageNode","id":"dc35aae1-2f2e-4fde-bb5c-8e4d5d20e39c","ts":"2025-12-11T14:10:28.636+05:30","eventName":"n8n.node.started","message":"n8n.node.started","payload":{"workflowId":"tlSqkuiV9ypfc5aP","workflowName":"email-service","executionId":"439","nodeType":"n8n-nodes-base.googleSheets","nodeName":"Append row in sheet","nodeId":"9d4a8f60-afa4-459f-afff-800f617e3002"}}
{"__type":"$$EventMessageConfirm","confirm":"dc35aae1-2f2e-4fde-bb5c-8e4d5d20e39c","ts":"2025-12-11T14:10:28.636+05:30","source":{"id":"0","name":"eventBus"}}
{"__type":"$$EventMessageNode","id":"6e1a9f58-d5a4-4583-9e41-97e434b351f2","ts":"2025-12-11T14:10:33.597+05:30","eventName":"n8n.node.finished","message":"n8n.node.finished","payload":{"workflowId":"tlSqkuiV9ypfc5aP","workflowName":"email-service","executionId":"439","nodeType":"n8n-nodes-base.googleSheets","nodeName":"Append row in sheet","nodeId":"9d4a8f60-afa4-459f-afff-800f617e3002"}}
{"__type":"$$EventMessageConfirm","confirm":"6e1a9f58-d5a4-4583-9e41-97e434b351f2","ts":"2025-12-11T14:10:33.597+05:30","source":{"id":"0","name":"eventBus"}}
{"__type":"$$EventMessageWorkflow","id":"0feead02-cb97-4625-af7c-af9688c0604a","ts":"2025-12-11T14:10:33.599+05:30","eventName":"n8n.workflow.success","message":"n8n.workflow.success","payload":{"executionId":"439","success":true,"isManual":false,"workflowId":"tlSqkuiV9ypfc5aP","workflowName":"email-service"}}
{"__type":"$$EventMessageConfirm","confirm":"0feead02-cb97-4625-af7c-af9688c0604a","ts":"2025-12-11T14:10:33.599+05:30","source":{"id":"0","name":"eventBus"}}
{"__type":"$$EventMessageWorkflow","id":"986ac22d-2170-4d94-a0d4-60f468c36570","ts":"2025-12-11T14:24:29.421+05:30","eventName":"n8n.workflow.started","message":"n8n.workflow.started","payload":{"executionId":"440","workflowId":"tlSqkuiV9ypfc5aP","isManual":false,"workflowName":"email-service"}}
{"__type":"$$EventMessageConfirm","confirm":"986ac22d-2170-4d94-a0d4-60f468c36570","ts":"2025-12-11T14:24:29.421+05:30","source":{"id":"0","name":"eventBus"}}
{"__type":"$$EventMessageNode","id":"223f8ccc-c2a3-4d54-8086-783d879f8286","ts":"2025-12-11T14:24:29.422+05:30","eventName":"n8n.node.started","message":"n8n.node.started","payload":{"workflowId":"tlSqkuiV9ypfc5aP","workflowName":"email-service","executionId":"440","nodeType":"n8n-nodes-base.gmailTrigger","nodeName":"Gmail Trigger","nodeId":"2acd3d2a-69a3-4bbb-8b7a-0f5356b09ed3"}}
{"__type":"$$EventMessageConfirm","confirm":"223f8ccc-c2a3-4d54-8086-783d879f8286","ts":"2025-12-11T14:24:29.422+05:30","source":{"id":"0","name":"eventBus"}}
{"__type":"$$EventMessageNode","id":"4b6fcd92-4c94-4d9b-9896-37bba81de9c7","ts":"2025-12-11T14:24:29.423+05:30","eventName":"n8n.node.finished","message":"n8n.node.finished","payload":{"workflowId":"tlSqkuiV9ypfc5aP","workflowName":"email-service","executionId":"440","nodeType":"n8n-nodes-base.gmailTrigger","nodeName":"Gmail Trigger","nodeId":"2acd3d2a-69a3-4bbb-8b7a-0f5356b09ed3"}}
{"__type":"$$EventMessageConfirm","confirm":"4b6fcd92-4c94-4d9b-9896-37bba81de9c7","ts":"2025-12-11T14:24:29.423+05:30","source":{"id":"0","name":"eventBus"}}
{"__type":"$$EventMessageNode","id":"cd2195e8-5e21-4272-81db-e165adb1130c","ts":"2025-12-11T14:24:29.423+05:30","eventName":"n8n.node.started","message":"n8n.node.started","payload":{"workflowId":"tlSqkuiV9ypfc5aP","workflowName":"email-service","executionId":"440","nodeType":"n8n-nodes-base.code","nodeName":"Code","nodeId":"d156ea1a-f0de-4365-9520-1d03c9206138"}}
{"__type":"$$EventMessageConfirm","confirm":"cd2195e8-5e21-4272-81db-e165adb1130c","ts":"2025-12-11T14:24:29.423+05:30","source":{"id":"0","name":"eventBus"}}
{"__type":"$$EventMessageNode","id":"4f3e195f-9f0a-494f-b396-734bf82213aa","ts":"2025-12-11T14:24:29.436+05:30","eventName":"n8n.node.finished","message":"n8n.node.finished","payload":{"workflowId":"tlSqkuiV9ypfc5aP","workflowName":"email-service","executionId":"440","nodeType":"n8n-nodes-base.code","nodeName":"Code","nodeId":"d156ea1a-f0de-4365-9520-1d03c9206138"}}
{"__type":"$$EventMessageConfirm","confirm":"4f3e195f-9f0a-494f-b396-734bf82213aa","ts":"2025-12-11T14:24:29.436+05:30","source":{"id":"0","name":"eventBus"}}
{"__type":"$$EventMessageNode","id":"dac3d880-eef4-4fa6-8663-602c2b7ec99a","ts":"2025-12-11T14:24:29.437+05:30","eventName":"n8n.node.started","message":"n8n.node.started","payload":{"workflowId":"tlSqkuiV9ypfc5aP","workflowName":"email-service","executionId":"440","nodeType":"n8n-nodes-base.googleSheets","nodeName":"Append row in sheet","nodeId":"9d4a8f60-afa4-459f-afff-800f617e3002"}}
{"__type":"$$EventMessageConfirm","confirm":"dac3d880-eef4-4fa6-8663-602c2b7ec99a","ts":"2025-12-11T14:24:29.437+05:30","source":{"id":"0","name":"eventBus"}}
{"__type":"$$EventMessageNode","id":"a2a3ba16-b7d1-46b5-b96b-dce29cd21c0c","ts":"2025-12-11T14:24:33.546+05:30","eventName":"n8n.node.finished","message":"n8n.node.finished","payload":{"workflowId":"tlSqkuiV9ypfc5aP","workflowName":"email-service","executionId":"440","nodeType":"n8n-nodes-base.googleSheets","nodeName":"Append row in sheet","nodeId":"9d4a8f60-afa4-459f-afff-800f617e3002"}}
{"__type":"$$EventMessageConfirm","confirm":"a2a3ba16-b7d1-46b5-b96b-dce29cd21c0c","ts":"2025-12-11T14:24:33.546+05:30","source":{"id":"0","name":"eventBus"}}
{"__type":"$$EventMessageWorkflow","id":"5d60cba4-279e-49a6-8b0e-01e1dc7993b9","ts":"2025-12-11T14:24:33.548+05:30","eventName":"n8n.workflow.success","message":"n8n.workflow.success","payload":{"executionId":"440","success":true,"isManual":false,"workflowId":"tlSqkuiV9ypfc5aP","workflowName":"email-service"}}
{"__type":"$$EventMessageConfirm","confirm":"5d60cba4-279e-49a6-8b0e-01e1dc7993b9","ts":"2025-12-11T14:24:33.548+05:30","source":{"id":"0","name":"eventBus"}}
{"__type":"$$EventMessageWorkflow","id":"ba24c528-21db-4094-af19-ead040871092","ts":"2025-12-11T14:31:28.359+05:30","eventName":"n8n.workflow.started","message":"n8n.workflow.started","payload":{"executionId":"441","workflowId":"tlSqkuiV9ypfc5aP","isManual":false,"workflowName":"email-service"}}
{"__type":"$$EventMessageConfirm","confirm":"ba24c528-21db-4094-af19-ead040871092","ts":"2025-12-11T14:31:28.360+05:30","source":{"id":"0","name":"eventBus"}}
{"__type":"$$EventMessageNode","id":"6483f387-083d-4719-885f-1fd1e295fc10","ts":"2025-12-11T14:31:28.360+05:30","eventName":"n8n.node.started","message":"n8n.node.started","payload":{"workflowId":"tlSqkuiV9ypfc5aP","workflowName":"email-service","executionId":"441","nodeType":"n8n-nodes-base.gmailTrigger","nodeName":"Gmail Trigger","nodeId":"2acd3d2a-69a3-4bbb-8b7a-0f5356b09ed3"}}
{"__type":"$$EventMessageConfirm","confirm":"6483f387-083d-4719-885f-1fd1e295fc10","ts":"2025-12-11T14:31:28.360+05:30","source":{"id":"0","name":"eventBus"}}
{"__type":"$$EventMessageNode","id":"780b0641-da29-4dec-8e37-1bce4c2d9be8","ts":"2025-12-11T14:31:28.360+05:30","eventName":"n8n.node.finished","message":"n8n.node.finished","payload":{"workflowId":"tlSqkuiV9ypfc5aP","workflowName":"email-service","executionId":"441","nodeType":"n8n-nodes-base.gmailTrigger","nodeName":"Gmail Trigger","nodeId":"2acd3d2a-69a3-4bbb-8b7a-0f5356b09ed3"}}
{"__type":"$$EventMessageConfirm","confirm":"780b0641-da29-4dec-8e37-1bce4c2d9be8","ts":"2025-12-11T14:31:28.360+05:30","source":{"id":"0","name":"eventBus"}}
{"__type":"$$EventMessageNode","id":"72f8f927-49b7-4e24-a7bc-809d9b894a6a","ts":"2025-12-11T14:31:28.361+05:30","eventName":"n8n.node.started","message":"n8n.node.started","payload":{"workflowId":"tlSqkuiV9ypfc5aP","workflowName":"email-service","executionId":"441","nodeType":"n8n-nodes-base.code","nodeName":"Code","nodeId":"d156ea1a-f0de-4365-9520-1d03c9206138"}}
{"__type":"$$EventMessageConfirm","confirm":"72f8f927-49b7-4e24-a7bc-809d9b894a6a","ts":"2025-12-11T14:31:28.361+05:30","source":{"id":"0","name":"eventBus"}}
{"__type":"$$EventMessageNode","id":"1fdf75c7-cc3c-4423-b8c2-91b787275969","ts":"2025-12-11T14:31:28.371+05:30","eventName":"n8n.node.finished","message":"n8n.node.finished","payload":{"workflowId":"tlSqkuiV9ypfc5aP","workflowName":"email-service","executionId":"441","nodeType":"n8n-nodes-base.code","nodeName":"Code","nodeId":"d156ea1a-f0de-4365-9520-1d03c9206138"}}
{"__type":"$$EventMessageConfirm","confirm":"1fdf75c7-cc3c-4423-b8c2-91b787275969","ts":"2025-12-11T14:31:28.371+05:30","source":{"id":"0","name":"eventBus"}}
{"__type":"$$EventMessageNode","id":"36791276-1d1a-4213-a827-3caeabd06f8b","ts":"2025-12-11T14:31:28.372+05:30","eventName":"n8n.node.started","message":"n8n.node.started","payload":{"workflowId":"tlSqkuiV9ypfc5aP","workflowName":"email-service","executionId":"441","nodeType":"n8n-nodes-base.googleSheets","nodeName":"Append row in sheet","nodeId":"9d4a8f60-afa4-459f-afff-800f617e3002"}}
{"__type":"$$EventMessageConfirm","confirm":"36791276-1d1a-4213-a827-3caeabd06f8b","ts":"2025-12-11T14:31:28.372+05:30","source":{"id":"0","name":"eventBus"}}
{"__type":"$$EventMessageNode","id":"8a2a0acc-d075-45d3-a1d8-94cd6930dfcf","ts":"2025-12-11T14:31:32.151+05:30","eventName":"n8n.node.finished","message":"n8n.node.finished","payload":{"workflowId":"tlSqkuiV9ypfc5aP","workflowName":"email-service","executionId":"441","nodeType":"n8n-nodes-base.googleSheets","nodeName":"Append row in sheet","nodeId":"9d4a8f60-afa4-459f-afff-800f617e3002"}}
{"__type":"$$EventMessageConfirm","confirm":"8a2a0acc-d075-45d3-a1d8-94cd6930dfcf","ts":"2025-12-11T14:31:32.151+05:30","source":{"id":"0","name":"eventBus"}}
{"__type":"$$EventMessageWorkflow","id":"3ef8ea14-860a-496a-bc7f-665c2ba0fe3b","ts":"2025-12-11T14:31:32.152+05:30","eventName":"n8n.workflow.success","message":"n8n.workflow.success","payload":{"executionId":"441","success":true,"isManual":false,"workflowId":"tlSqkuiV9ypfc5aP","workflowName":"email-service"}}
{"__type":"$$EventMessageConfirm","confirm":"3ef8ea14-860a-496a-bc7f-665c2ba0fe3b","ts":"2025-12-11T14:31:32.152+05:30","source":{"id":"0","name":"eventBus"}}
{"__type":"$$EventMessageWorkflow","id":"a3c0cd59-7eec-4952-a50b-346cfe84bf3f","ts":"2025-12-11T14:33:29.673+05:30","eventName":"n8n.workflow.started","message":"n8n.workflow.started","payload":{"executionId":"442","workflowId":"tlSqkuiV9ypfc5aP","isManual":false,"workflowName":"email-service"}}
{"__type":"$$EventMessageConfirm","confirm":"a3c0cd59-7eec-4952-a50b-346cfe84bf3f","ts":"2025-12-11T14:33:29.673+05:30","source":{"id":"0","name":"eventBus"}}
{"__type":"$$EventMessageNode","id":"f977687a-934f-41a2-8969-8c57dd63b958","ts":"2025-12-11T14:33:29.673+05:30","eventName":"n8n.node.started","message":"n8n.node.started","payload":{"workflowId":"tlSqkuiV9ypfc5aP","workflowName":"email-service","executionId":"442","nodeType":"n8n-nodes-base.gmailTrigger","nodeName":"Gmail Trigger","nodeId":"2acd3d2a-69a3-4bbb-8b7a-0f5356b09ed3"}}
{"__type":"$$EventMessageConfirm","confirm":"f977687a-934f-41a2-8969-8c57dd63b958","ts":"2025-12-11T14:33:29.673+05:30","source":{"id":"0","name":"eventBus"}}
{"__type":"$$EventMessageNode","id":"42b81f38-d8c4-473b-bf0d-b2dad5a317cf","ts":"2025-12-11T14:33:29.673+05:30","eventName":"n8n.node.finished","message":"n8n.node.finished","payload":{"workflowId":"tlSqkuiV9ypfc5aP","workflowName":"email-service","executionId":"442","nodeType":"n8n-nodes-base.gmailTrigger","nodeName":"Gmail Trigger","nodeId":"2acd3d2a-69a3-4bbb-8b7a-0f5356b09ed3"}}
{"__type":"$$EventMessageConfirm","confirm":"42b81f38-d8c4-473b-bf0d-b2dad5a317cf","ts":"2025-12-11T14:33:29.673+05:30","source":{"id":"0","name":"eventBus"}}
{"__type":"$$EventMessageNode","id":"d866ac69-b139-4509-b1af-aa197635df4d","ts":"2025-12-11T14:33:29.674+05:30","eventName":"n8n.node.started","message":"n8n.node.started","payload":{"workflowId":"tlSqkuiV9ypfc5aP","workflowName":"email-service","executionId":"442","nodeType":"n8n-nodes-base.code","nodeName":"Code","nodeId":"d156ea1a-f0de-4365-9520-1d03c9206138"}}
{"__type":"$$EventMessageConfirm","confirm":"d866ac69-b139-4509-b1af-aa197635df4d","ts":"2025-12-11T14:33:29.674+05:30","source":{"id":"0","name":"eventBus"}}
{"__type":"$$EventMessageNode","id":"3eba676e-3c50-473e-a9cb-4ecc514e2086","ts":"2025-12-11T14:33:29.680+05:30","eventName":"n8n.node.finished","message":"n8n.node.finished","payload":{"workflowId":"tlSqkuiV9ypfc5aP","workflowName":"email-service","executionId":"442","nodeType":"n8n-nodes-base.code","nodeName":"Code","nodeId":"d156ea1a-f0de-4365-9520-1d03c9206138"}}
{"__type":"$$EventMessageConfirm","confirm":"3eba676e-3c50-473e-a9cb-4ecc514e2086","ts":"2025-12-11T14:33:29.680+05:30","source":{"id":"0","name":"eventBus"}}
{"__type":"$$EventMessageNode","id":"0e47e070-76b0-4fb7-b5e2-5c19a9851e4f","ts":"2025-12-11T14:33:29.680+05:30","eventName":"n8n.node.started","message":"n8n.node.started","payload":{"workflowId":"tlSqkuiV9ypfc5aP","workflowName":"email-service","executionId":"442","nodeType":"n8n-nodes-base.googleSheets","nodeName":"Append row in sheet","nodeId":"9d4a8f60-afa4-459f-afff-800f617e3002"}}
{"__type":"$$EventMessageConfirm","confirm":"0e47e070-76b0-4fb7-b5e2-5c19a9851e4f","ts":"2025-12-11T14:33:29.680+05:30","source":{"id":"0","name":"eventBus"}}
{"__type":"$$EventMessageNode","id":"dfde52f9-3737-4bec-bf20-642e01268632","ts":"2025-12-11T14:33:33.915+05:30","eventName":"n8n.node.finished","message":"n8n.node.finished","payload":{"workflowId":"tlSqkuiV9ypfc5aP","workflowName":"email-service","executionId":"442","nodeType":"n8n-nodes-base.googleSheets","nodeName":"Append row in sheet","nodeId":"9d4a8f60-afa4-459f-afff-800f617e3002"}}
{"__type":"$$EventMessageConfirm","confirm":"dfde52f9-3737-4bec-bf20-642e01268632","ts":"2025-12-11T14:33:33.915+05:30","source":{"id":"0","name":"eventBus"}}
{"__type":"$$EventMessageWorkflow","id":"9fb7aa7f-50aa-4894-b162-f05121d219fe","ts":"2025-12-11T14:33:33.916+05:30","eventName":"n8n.workflow.success","message":"n8n.workflow.success","payload":{"executionId":"442","success":true,"isManual":false,"workflowId":"tlSqkuiV9ypfc5aP","workflowName":"email-service"}}
{"__type":"$$EventMessageConfirm","confirm":"9fb7aa7f-50aa-4894-b162-f05121d219fe","ts":"2025-12-11T14:33:33.916+05:30","source":{"id":"0","name":"eventBus"}}
{"__type":"$$EventMessageWorkflow","id":"26d2065a-ba8f-42b4-a511-4cf044754022","ts":"2025-12-11T14:35:28.823+05:30","eventName":"n8n.workflow.started","message":"n8n.workflow.started","payload":{"executionId":"443","workflowId":"tlSqkuiV9ypfc5aP","isManual":false,"workflowName":"email-service"}}
{"__type":"$$EventMessageConfirm","confirm":"26d2065a-ba8f-42b4-a511-4cf044754022","ts":"2025-12-11T14:35:28.824+05:30","source":{"id":"0","name":"eventBus"}}
{"__type":"$$EventMessageNode","id":"9b23d9a0-f8cd-430b-8934-cd427345b6b7","ts":"2025-12-11T14:35:28.824+05:30","eventName":"n8n.node.started","message":"n8n.node.started","payload":{"workflowId":"tlSqkuiV9ypfc5aP","workflowName":"email-service","executionId":"443","nodeType":"n8n-nodes-base.gmailTrigger","nodeName":"Gmail Trigger","nodeId":"2acd3d2a-69a3-4bbb-8b7a-0f5356b09ed3"}}
{"__type":"$$EventMessageConfirm","confirm":"9b23d9a0-f8cd-430b-8934-cd427345b6b7","ts":"2025-12-11T14:35:28.824+05:30","source":{"id":"0","name":"eventBus"}}
{"__type":"$$EventMessageNode","id":"4e5fc74d-843c-43a5-b5f3-e4216f3ff31d","ts":"2025-12-11T14:35:28.825+05:30","eventName":"n8n.node.finished","message":"n8n.node.finished","payload":{"workflowId":"tlSqkuiV9ypfc5aP","workflowName":"email-service","executionId":"443","nodeType":"n8n-nodes-base.gmailTrigger","nodeName":"Gmail Trigger","nodeId":"2acd3d2a-69a3-4bbb-8b7a-0f5356b09ed3"}}
{"__type":"$$EventMessageConfirm","confirm":"4e5fc74d-843c-43a5-b5f3-e4216f3ff31d","ts":"2025-12-11T14:35:28.825+05:30","source":{"id":"0","name":"eventBus"}}
{"__type":"$$EventMessageNode","id":"067b1b29-58e5-4a32-9d37-d464be99dced","ts":"2025-12-11T14:35:28.825+05:30","eventName":"n8n.node.started","message":"n8n.node.started","payload":{"workflowId":"tlSqkuiV9ypfc5aP","workflowName":"email-service","executionId":"443","nodeType":"n8n-nodes-base.code","nodeName":"Code","nodeId":"d156ea1a-f0de-4365-9520-1d03c9206138"}}
{"__type":"$$EventMessageConfirm","confirm":"067b1b29-58e5-4a32-9d37-d464be99dced","ts":"2025-12-11T14:35:28.825+05:30","source":{"id":"0","name":"eventBus"}}
{"__type":"$$EventMessageNode","id":"626736ef-9e81-4534-84bf-19b19ee5b6be","ts":"2025-12-11T14:35:28.844+05:30","eventName":"n8n.node.finished","message":"n8n.node.finished","payload":{"workflowId":"tlSqkuiV9ypfc5aP","workflowName":"email-service","executionId":"443","nodeType":"n8n-nodes-base.code","nodeName":"Code","nodeId":"d156ea1a-f0de-4365-9520-1d03c9206138"}}
{"__type":"$$EventMessageConfirm","confirm":"626736ef-9e81-4534-84bf-19b19ee5b6be","ts":"2025-12-11T14:35:28.844+05:30","source":{"id":"0","name":"eventBus"}}
{"__type":"$$EventMessageNode","id":"bb54e804-81f4-4e40-93a4-24ef7fd48a68","ts":"2025-12-11T14:35:28.845+05:30","eventName":"n8n.node.started","message":"n8n.node.started","payload":{"workflowId":"tlSqkuiV9ypfc5aP","workflowName":"email-service","executionId":"443","nodeType":"n8n-nodes-base.googleSheets","nodeName":"Append row in sheet","nodeId":"9d4a8f60-afa4-459f-afff-800f617e3002"}}
{"__type":"$$EventMessageConfirm","confirm":"bb54e804-81f4-4e40-93a4-24ef7fd48a68","ts":"2025-12-11T14:35:28.845+05:30","source":{"id":"0","name":"eventBus"}}
{"__type":"$$EventMessageNode","id":"5aa40053-44ec-4cfe-b48c-232a18c38350","ts":"2025-12-11T14:35:32.179+05:30","eventName":"n8n.node.finished","message":"n8n.node.finished","payload":{"workflowId":"tlSqkuiV9ypfc5aP","workflowName":"email-service","executionId":"443","nodeType":"n8n-nodes-base.googleSheets","nodeName":"Append row in sheet","nodeId":"9d4a8f60-afa4-459f-afff-800f617e3002"}}
{"__type":"$$EventMessageConfirm","confirm":"5aa40053-44ec-4cfe-b48c-232a18c38350","ts":"2025-12-11T14:35:32.179+05:30","source":{"id":"0","name":"eventBus"}}
{"__type":"$$EventMessageWorkflow","id":"ac4174e4-b131-4dca-b459-eed34f4f1e33","ts":"2025-12-11T14:35:32.179+05:30","eventName":"n8n.workflow.success","message":"n8n.workflow.success","payload":{"executionId":"443","success":true,"isManual":false,"workflowId":"tlSqkuiV9ypfc5aP","workflowName":"email-service"}}
{"__type":"$$EventMessageConfirm","confirm":"ac4174e4-b131-4dca-b459-eed34f4f1e33","ts":"2025-12-11T14:35:32.179+05:30","source":{"id":"0","name":"eventBus"}}
{"__type":"$$EventMessageWorkflow","id":"083469b4-05bd-465b-b920-51747674573c","ts":"2025-12-11T14:36:28.370+05:30","eventName":"n8n.workflow.started","message":"n8n.workflow.started","payload":{"executionId":"444","workflowId":"tlSqkuiV9ypfc5aP","isManual":false,"workflowName":"email-service"}}
{"__type":"$$EventMessageConfirm","confirm":"083469b4-05bd-465b-b920-51747674573c","ts":"2025-12-11T14:36:28.370+05:30","source":{"id":"0","name":"eventBus"}}
{"__type":"$$EventMessageNode","id":"9446ddfc-37ff-4969-a779-6416217506a3","ts":"2025-12-11T14:36:28.371+05:30","eventName":"n8n.node.started","message":"n8n.node.started","payload":{"workflowId":"tlSqkuiV9ypfc5aP","workflowName":"email-service","executionId":"444","nodeType":"n8n-nodes-base.gmailTrigger","nodeName":"Gmail Trigger","nodeId":"2acd3d2a-69a3-4bbb-8b7a-0f5356b09ed3"}}
{"__type":"$$EventMessageConfirm","confirm":"9446ddfc-37ff-4969-a779-6416217506a3","ts":"2025-12-11T14:36:28.371+05:30","source":{"id":"0","name":"eventBus"}}
{"__type":"$$EventMessageNode","id":"57894fd1-bb40-485b-b69b-aff369d35a4c","ts":"2025-12-11T14:36:28.371+05:30","eventName":"n8n.node.finished","message":"n8n.node.finished","payload":{"workflowId":"tlSqkuiV9ypfc5aP","workflowName":"email-service","executionId":"444","nodeType":"n8n-nodes-base.gmailTrigger","nodeName":"Gmail Trigger","nodeId":"2acd3d2a-69a3-4bbb-8b7a-0f5356b09ed3"}}
{"__type":"$$EventMessageConfirm","confirm":"57894fd1-bb40-485b-b69b-aff369d35a4c","ts":"2025-12-11T14:36:28.371+05:30","source":{"id":"0","name":"eventBus"}}
{"__type":"$$EventMessageNode","id":"870eaa93-4c8c-4677-9c48-20177a24e994","ts":"2025-12-11T14:36:28.371+05:30","eventName":"n8n.node.started","message":"n8n.node.started","payload":{"workflowId":"tlSqkuiV9ypfc5aP","workflowName":"email-service","executionId":"444","nodeType":"n8n-nodes-base.code","nodeName":"Code","nodeId":"d156ea1a-f0de-4365-9520-1d03c9206138"}}
{"__type":"$$EventMessageConfirm","confirm":"870eaa93-4c8c-4677-9c48-20177a24e994","ts":"2025-12-11T14:36:28.371+05:30","source":{"id":"0","name":"eventBus"}}
{"__type":"$$EventMessageNode","id":"762f5274-eb8c-45db-8d40-3304796c09bf","ts":"2025-12-11T14:36:28.378+05:30","eventName":"n8n.node.finished","message":"n8n.node.finished","payload":{"workflowId":"tlSqkuiV9ypfc5aP","workflowName":"email-service","executionId":"444","nodeType":"n8n-nodes-base.code","nodeName":"Code","nodeId":"d156ea1a-f0de-4365-9520-1d03c9206138"}}
{"__type":"$$EventMessageConfirm","confirm":"762f5274-eb8c-45db-8d40-3304796c09bf","ts":"2025-12-11T14:36:28.378+05:30","source":{"id":"0","name":"eventBus"}}
{"__type":"$$EventMessageNode","id":"faea0b8f-f29d-45a3-81e0-33fe9f76af69","ts":"2025-12-11T14:36:28.378+05:30","eventName":"n8n.node.started","message":"n8n.node.started","payload":{"workflowId":"tlSqkuiV9ypfc5aP","workflowName":"email-service","executionId":"444","nodeType":"n8n-nodes-base.googleSheets","nodeName":"Append row in sheet","nodeId":"9d4a8f60-afa4-459f-afff-800f617e3002"}}
{"__type":"$$EventMessageConfirm","confirm":"faea0b8f-f29d-45a3-81e0-33fe9f76af69","ts":"2025-12-11T14:36:28.378+05:30","source":{"id":"0","name":"eventBus"}}
{"__type":"$$EventMessageNode","id":"745e8b0f-efd3-4cae-a8e5-e204e369be6c","ts":"2025-12-11T14:36:32.627+05:30","eventName":"n8n.node.finished","message":"n8n.node.finished","payload":{"workflowId":"tlSqkuiV9ypfc5aP","workflowName":"email-service","executionId":"444","nodeType":"n8n-nodes-base.googleSheets","nodeName":"Append row in sheet","nodeId":"9d4a8f60-afa4-459f-afff-800f617e3002"}}
{"__type":"$$EventMessageConfirm","confirm":"745e8b0f-efd3-4cae-a8e5-e204e369be6c","ts":"2025-12-11T14:36:32.628+05:30","source":{"id":"0","name":"eventBus"}}
{"__type":"$$EventMessageWorkflow","id":"11424045-6b4f-4da4-99a7-8e234dc1b5a7","ts":"2025-12-11T14:36:32.628+05:30","eventName":"n8n.workflow.success","message":"n8n.workflow.success","payload":{"executionId":"444","success":true,"isManual":false,"workflowId":"tlSqkuiV9ypfc5aP","workflowName":"email-service"}}
{"__type":"$$EventMessageConfirm","confirm":"11424045-6b4f-4da4-99a7-8e234dc1b5a7","ts":"2025-12-11T14:36:32.628+05:30","source":{"id":"0","name":"eventBus"}}
{"__type":"$$EventMessageWorkflow","id":"f61df48a-27cd-4eaa-b728-87aa586981a6","ts":"2025-12-11T14:37:28.972+05:30","eventName":"n8n.workflow.started","message":"n8n.workflow.started","payload":{"executionId":"445","workflowId":"tlSqkuiV9ypfc5aP","isManual":false,"workflowName":"email-service"}}
{"__type":"$$EventMessageConfirm","confirm":"f61df48a-27cd-4eaa-b728-87aa586981a6","ts":"2025-12-11T14:37:28.973+05:30","source":{"id":"0","name":"eventBus"}}
{"__type":"$$EventMessageNode","id":"4a60035b-3682-4a43-bae5-1f9111250b1a","ts":"2025-12-11T14:37:28.973+05:30","eventName":"n8n.node.started","message":"n8n.node.started","payload":{"workflowId":"tlSqkuiV9ypfc5aP","workflowName":"email-service","executionId":"445","nodeType":"n8n-nodes-base.gmailTrigger","nodeName":"Gmail Trigger","nodeId":"2acd3d2a-69a3-4bbb-8b7a-0f5356b09ed3"}}
{"__type":"$$EventMessageConfirm","confirm":"4a60035b-3682-4a43-bae5-1f9111250b1a","ts":"2025-12-11T14:37:28.973+05:30","source":{"id":"0","name":"eventBus"}}
{"__type":"$$EventMessageNode","id":"91d2d899-d25b-415f-88e8-6579104c2cf4","ts":"2025-12-11T14:37:28.973+05:30","eventName":"n8n.node.finished","message":"n8n.node.finished","payload":{"workflowId":"tlSqkuiV9ypfc5aP","workflowName":"email-service","executionId":"445","nodeType":"n8n-nodes-base.gmailTrigger","nodeName":"Gmail Trigger","nodeId":"2acd3d2a-69a3-4bbb-8b7a-0f5356b09ed3"}}
{"__type":"$$EventMessageConfirm","confirm":"91d2d899-d25b-415f-88e8-6579104c2cf4","ts":"2025-12-11T14:37:28.973+05:30","source":{"id":"0","name":"eventBus"}}
{"__type":"$$EventMessageNode","id":"16092bfa-b444-4c6d-9a5d-8cfafa585be7","ts":"2025-12-11T14:37:28.974+05:30","eventName":"n8n.node.started","message":"n8n.node.started","payload":{"workflowId":"tlSqkuiV9ypfc5aP","workflowName":"email-service","executionId":"445","nodeType":"n8n-nodes-base.code","nodeName":"Code","nodeId":"d156ea1a-f0de-4365-9520-1d03c9206138"}}
{"__type":"$$EventMessageConfirm","confirm":"16092bfa-b444-4c6d-9a5d-8cfafa585be7","ts":"2025-12-11T14:37:28.974+05:30","source":{"id":"0","name":"eventBus"}}
{"__type":"$$EventMessageNode","id":"32365698-e6f6-4aab-a749-4120c6824a9d","ts":"2025-12-11T14:37:28.994+05:30","eventName":"n8n.node.finished","message":"n8n.node.finished","payload":{"workflowId":"tlSqkuiV9ypfc5aP","workflowName":"email-service","executionId":"445","nodeType":"n8n-nodes-base.code","nodeName":"Code","nodeId":"d156ea1a-f0de-4365-9520-1d03c9206138"}}
{"__type":"$$EventMessageConfirm","confirm":"32365698-e6f6-4aab-a749-4120c6824a9d","ts":"2025-12-11T14:37:28.994+05:30","source":{"id":"0","name":"eventBus"}}
{"__type":"$$EventMessageNode","id":"9650bc9e-2aaf-4940-bbed-c269456b0d9b","ts":"2025-12-11T14:37:28.995+05:30","eventName":"n8n.node.started","message":"n8n.node.started","payload":{"workflowId":"tlSqkuiV9ypfc5aP","workflowName":"email-service","executionId":"445","nodeType":"n8n-nodes-base.googleSheets","nodeName":"Append row in sheet","nodeId":"9d4a8f60-afa4-459f-afff-800f617e3002"}}
{"__type":"$$EventMessageConfirm","confirm":"9650bc9e-2aaf-4940-bbed-c269456b0d9b","ts":"2025-12-11T14:37:28.995+05:30","source":{"id":"0","name":"eventBus"}}
{"__type":"$$EventMessageNode","id":"6fbd0600-39da-4070-968d-73d767a76af9","ts":"2025-12-11T14:37:32.406+05:30","eventName":"n8n.node.finished","message":"n8n.node.finished","payload":{"workflowId":"tlSqkuiV9ypfc5aP","workflowName":"email-service","executionId":"445","nodeType":"n8n-nodes-base.googleSheets","nodeName":"Append row in sheet","nodeId":"9d4a8f60-afa4-459f-afff-800f617e3002"}}
{"__type":"$$EventMessageConfirm","confirm":"6fbd0600-39da-4070-968d-73d767a76af9","ts":"2025-12-11T14:37:32.406+05:30","source":{"id":"0","name":"eventBus"}}
{"__type":"$$EventMessageWorkflow","id":"c8141f22-82e0-4885-aa12-5da492652ce5","ts":"2025-12-11T14:37:32.407+05:30","eventName":"n8n.workflow.success","message":"n8n.workflow.success","payload":{"executionId":"445","success":true,"isManual":false,"workflowId":"tlSqkuiV9ypfc5aP","workflowName":"email-service"}}
{"__type":"$$EventMessageConfirm","confirm":"c8141f22-82e0-4885-aa12-5da492652ce5","ts":"2025-12-11T14:37:32.407+05:30","source":{"id":"0","name":"eventBus"}}
{"__type":"$$EventMessageWorkflow","id":"8f51ea97-1ffa-4e99-b000-5d7c496534c9","ts":"2025-12-11T14:41:28.267+05:30","eventName":"n8n.workflow.started","message":"n8n.workflow.started","payload":{"executionId":"446","workflowId":"tlSqkuiV9ypfc5aP","isManual":false,"workflowName":"email-service"}}
{"__type":"$$EventMessageConfirm","confirm":"8f51ea97-1ffa-4e99-b000-5d7c496534c9","ts":"2025-12-11T14:41:28.267+05:30","source":{"id":"0","name":"eventBus"}}
{"__type":"$$EventMessageNode","id":"6f952189-f562-4d54-a24b-7d5abdce87c0","ts":"2025-12-11T14:41:28.267+05:30","eventName":"n8n.node.started","message":"n8n.node.started","payload":{"workflowId":"tlSqkuiV9ypfc5aP","workflowName":"email-service","executionId":"446","nodeType":"n8n-nodes-base.gmailTrigger","nodeName":"Gmail Trigger","nodeId":"2acd3d2a-69a3-4bbb-8b7a-0f5356b09ed3"}}
{"__type":"$$EventMessageConfirm","confirm":"6f952189-f562-4d54-a24b-7d5abdce87c0","ts":"2025-12-11T14:41:28.267+05:30","source":{"id":"0","name":"eventBus"}}
{"__type":"$$EventMessageNode","id":"709d0552-7870-489b-8c65-9d701d0b8669","ts":"2025-12-11T14:41:28.267+05:30","eventName":"n8n.node.finished","message":"n8n.node.finished","payload":{"workflowId":"tlSqkuiV9ypfc5aP","workflowName":"email-service","executionId":"446","nodeType":"n8n-nodes-base.gmailTrigger","nodeName":"Gmail Trigger","nodeId":"2acd3d2a-69a3-4bbb-8b7a-0f5356b09ed3"}}
{"__type":"$$EventMessageConfirm","confirm":"709d0552-7870-489b-8c65-9d701d0b8669","ts":"2025-12-11T14:41:28.267+05:30","source":{"id":"0","name":"eventBus"}}
{"__type":"$$EventMessageNode","id":"6b46c5fc-8d95-49f1-af9c-ca5120598c10","ts":"2025-12-11T14:41:28.267+05:30","eventName":"n8n.node.started","message":"n8n.node.started","payload":{"workflowId":"tlSqkuiV9ypfc5aP","workflowName":"email-service","executionId":"446","nodeType":"n8n-nodes-base.code","nodeName":"Code","nodeId":"d156ea1a-f0de-4365-9520-1d03c9206138"}}
{"__type":"$$EventMessageConfirm","confirm":"6b46c5fc-8d95-49f1-af9c-ca5120598c10","ts":"2025-12-11T14:41:28.267+05:30","source":{"id":"0","name":"eventBus"}}
{"__type":"$$EventMessageNode","id":"f9481db8-5ffb-4be1-82da-9d4f0bde3abc","ts":"2025-12-11T14:41:28.271+05:30","eventName":"n8n.node.finished","message":"n8n.node.finished","payload":{"workflowId":"tlSqkuiV9ypfc5aP","workflowName":"email-service","executionId":"446","nodeType":"n8n-nodes-base.code","nodeName":"Code","nodeId":"d156ea1a-f0de-4365-9520-1d03c9206138"}}
{"__type":"$$EventMessageConfirm","confirm":"f9481db8-5ffb-4be1-82da-9d4f0bde3abc","ts":"2025-12-11T14:41:28.271+05:30","source":{"id":"0","name":"eventBus"}}
{"__type":"$$EventMessageNode","id":"73046433-7ab9-46a0-9ca3-32eaa0c4567d","ts":"2025-12-11T14:41:28.272+05:30","eventName":"n8n.node.started","message":"n8n.node.started","payload":{"workflowId":"tlSqkuiV9ypfc5aP","workflowName":"email-service","executionId":"446","nodeType":"n8n-nodes-base.googleSheets","nodeName":"Append row in sheet","nodeId":"9d4a8f60-afa4-459f-afff-800f617e3002"}}
{"__type":"$$EventMessageConfirm","confirm":"73046433-7ab9-46a0-9ca3-32eaa0c4567d","ts":"2025-12-11T14:41:28.272+05:30","source":{"id":"0","name":"eventBus"}}
{"__type":"$$EventMessageNode","id":"5b73ee99-7690-4866-a4a8-a92bfcca72f1","ts":"2025-12-11T14:41:31.690+05:30","eventName":"n8n.node.finished","message":"n8n.node.finished","payload":{"workflowId":"tlSqkuiV9ypfc5aP","workflowName":"email-service","executionId":"446","nodeType":"n8n-nodes-base.googleSheets","nodeName":"Append row in sheet","nodeId":"9d4a8f60-afa4-459f-afff-800f617e3002"}}
{"__type":"$$EventMessageConfirm","confirm":"5b73ee99-7690-4866-a4a8-a92bfcca72f1","ts":"2025-12-11T14:41:31.690+05:30","source":{"id":"0","name":"eventBus"}}
{"__type":"$$EventMessageWorkflow","id":"731c5c78-e51c-46dd-a03d-b73b119fb15f","ts":"2025-12-11T14:41:31.690+05:30","eventName":"n8n.workflow.success","message":"n8n.workflow.success","payload":{"executionId":"446","success":true,"isManual":false,"workflowId":"tlSqkuiV9ypfc5aP","workflowName":"email-service"}}
{"__type":"$$EventMessageConfirm","confirm":"731c5c78-e51c-46dd-a03d-b73b119fb15f","ts":"2025-12-11T14:41:31.690+05:30","source":{"id":"0","name":"eventBus"}}
{"__type":"$$EventMessageWorkflow","id":"52bfde5e-5ca9-4878-a19d-39b8da6df310","ts":"2025-12-11T14:42:28.321+05:30","eventName":"n8n.workflow.started","message":"n8n.workflow.started","payload":{"executionId":"447","workflowId":"tlSqkuiV9ypfc5aP","isManual":false,"workflowName":"email-service"}}
{"__type":"$$EventMessageConfirm","confirm":"52bfde5e-5ca9-4878-a19d-39b8da6df310","ts":"2025-12-11T14:42:28.321+05:30","source":{"id":"0","name":"eventBus"}}
{"__type":"$$EventMessageNode","id":"ad90fed3-262c-4be7-9c69-c100b0d0990a","ts":"2025-12-11T14:42:28.321+05:30","eventName":"n8n.node.started","message":"n8n.node.started","payload":{"workflowId":"tlSqkuiV9ypfc5aP","workflowName":"email-service","executionId":"447","nodeType":"n8n-nodes-base.gmailTrigger","nodeName":"Gmail Trigger","nodeId":"2acd3d2a-69a3-4bbb-8b7a-0f5356b09ed3"}}
{"__type":"$$EventMessageConfirm","confirm":"ad90fed3-262c-4be7-9c69-c100b0d0990a","ts":"2025-12-11T14:42:28.321+05:30","source":{"id":"0","name":"eventBus"}}
{"__type":"$$EventMessageNode","id":"61b63412-22e3-4880-b6a4-961704f566fa","ts":"2025-12-11T14:42:28.321+05:30","eventName":"n8n.node.finished","message":"n8n.node.finished","payload":{"workflowId":"tlSqkuiV9ypfc5aP","workflowName":"email-service","executionId":"447","nodeType":"n8n-nodes-base.gmailTrigger","nodeName":"Gmail Trigger","nodeId":"2acd3d2a-69a3-4bbb-8b7a-0f5356b09ed3"}}
{"__type":"$$EventMessageConfirm","confirm":"61b63412-22e3-4880-b6a4-961704f566fa","ts":"2025-12-11T14:42:28.321+05:30","source":{"id":"0","name":"eventBus"}}
{"__type":"$$EventMessageNode","id":"2aea8b88-707c-4623-b214-f5a0712bd976","ts":"2025-12-11T14:42:28.321+05:30","eventName":"n8n.node.started","message":"n8n.node.started","payload":{"workflowId":"tlSqkuiV9ypfc5aP","workflowName":"email-service","executionId":"447","nodeType":"n8n-nodes-base.code","nodeName":"Code","nodeId":"d156ea1a-f0de-4365-9520-1d03c9206138"}}
{"__type":"$$EventMessageConfirm","confirm":"2aea8b88-707c-4623-b214-f5a0712bd976","ts":"2025-12-11T14:42:28.321+05:30","source":{"id":"0","name":"eventBus"}}
{"__type":"$$EventMessageNode","id":"c8419d65-70c9-487b-b766-29460fa18010","ts":"2025-12-11T14:42:28.330+05:30","eventName":"n8n.node.finished","message":"n8n.node.finished","payload":{"workflowId":"tlSqkuiV9ypfc5aP","workflowName":"email-service","executionId":"447","nodeType":"n8n-nodes-base.code","nodeName":"Code","nodeId":"d156ea1a-f0de-4365-9520-1d03c9206138"}}
{"__type":"$$EventMessageConfirm","confirm":"c8419d65-70c9-487b-b766-29460fa18010","ts":"2025-12-11T14:42:28.330+05:30","source":{"id":"0","name":"eventBus"}}
{"__type":"$$EventMessageNode","id":"f74c2839-ec66-492d-96f9-9bd9f4b04f41","ts":"2025-12-11T14:42:28.330+05:30","eventName":"n8n.node.started","message":"n8n.node.started","payload":{"workflowId":"tlSqkuiV9ypfc5aP","workflowName":"email-service","executionId":"447","nodeType":"n8n-nodes-base.googleSheets","nodeName":"Append row in sheet","nodeId":"9d4a8f60-afa4-459f-afff-800f617e3002"}}
{"__type":"$$EventMessageConfirm","confirm":"f74c2839-ec66-492d-96f9-9bd9f4b04f41","ts":"2025-12-11T14:42:28.330+05:30","source":{"id":"0","name":"eventBus"}}
{"__type":"$$EventMessageNode","id":"a20f1b78-04d9-419d-a0c4-8accf677aa45","ts":"2025-12-11T14:42:31.558+05:30","eventName":"n8n.node.finished","message":"n8n.node.finished","payload":{"workflowId":"tlSqkuiV9ypfc5aP","workflowName":"email-service","executionId":"447","nodeType":"n8n-nodes-base.googleSheets","nodeName":"Append row in sheet","nodeId":"9d4a8f60-afa4-459f-afff-800f617e3002"}}
{"__type":"$$EventMessageConfirm","confirm":"a20f1b78-04d9-419d-a0c4-8accf677aa45","ts":"2025-12-11T14:42:31.559+05:30","source":{"id":"0","name":"eventBus"}}
{"__type":"$$EventMessageWorkflow","id":"79752cc3-303f-42ea-8dba-775bf94f1cd5","ts":"2025-12-11T14:42:31.559+05:30","eventName":"n8n.workflow.success","message":"n8n.workflow.success","payload":{"executionId":"447","success":true,"isManual":false,"workflowId":"tlSqkuiV9ypfc5aP","workflowName":"email-service"}}
{"__type":"$$EventMessageConfirm","confirm":"79752cc3-303f-42ea-8dba-775bf94f1cd5","ts":"2025-12-11T14:42:31.559+05:30","source":{"id":"0","name":"eventBus"}}
{"__type":"$$EventMessageWorkflow","id":"ad1e4b64-3388-406a-a7a5-608f14045b03","ts":"2025-12-11T15:04:27.984+05:30","eventName":"n8n.workflow.started","message":"n8n.workflow.started","payload":{"executionId":"448","workflowId":"tlSqkuiV9ypfc5aP","isManual":false,"workflowName":"email-service"}}
{"__type":"$$EventMessageConfirm","confirm":"ad1e4b64-3388-406a-a7a5-608f14045b03","ts":"2025-12-11T15:04:27.985+05:30","source":{"id":"0","name":"eventBus"}}
{"__type":"$$EventMessageNode","id":"12d5c5c0-25c4-4dc9-aa20-9e352470ade8","ts":"2025-12-11T15:04:27.985+05:30","eventName":"n8n.node.started","message":"n8n.node.started","payload":{"workflowId":"tlSqkuiV9ypfc5aP","workflowName":"email-service","executionId":"448","nodeType":"n8n-nodes-base.gmailTrigger","nodeName":"Gmail Trigger","nodeId":"2acd3d2a-69a3-4bbb-8b7a-0f5356b09ed3"}}
{"__type":"$$EventMessageConfirm","confirm":"12d5c5c0-25c4-4dc9-aa20-9e352470ade8","ts":"2025-12-11T15:04:27.985+05:30","source":{"id":"0","name":"eventBus"}}
{"__type":"$$EventMessageNode","id":"4d183ace-c580-4bfb-b982-ba06bd09fc43","ts":"2025-12-11T15:04:27.985+05:30","eventName":"n8n.node.finished","message":"n8n.node.finished","payload":{"workflowId":"tlSqkuiV9ypfc5aP","workflowName":"email-service","executionId":"448","nodeType":"n8n-nodes-base.gmailTrigger","nodeName":"Gmail Trigger","nodeId":"2acd3d2a-69a3-4bbb-8b7a-0f5356b09ed3"}}
{"__type":"$$EventMessageConfirm","confirm":"4d183ace-c580-4bfb-b982-ba06bd09fc43","ts":"2025-12-11T15:04:27.985+05:30","source":{"id":"0","name":"eventBus"}}
{"__type":"$$EventMessageNode","id":"4436ffb9-69be-4707-b9d0-1a172c3d2955","ts":"2025-12-11T15:04:27.985+05:30","eventName":"n8n.node.started","message":"n8n.node.started","payload":{"workflowId":"tlSqkuiV9ypfc5aP","workflowName":"email-service","executionId":"448","nodeType":"n8n-nodes-base.code","nodeName":"Code","nodeId":"d156ea1a-f0de-4365-9520-1d03c9206138"}}
{"__type":"$$EventMessageConfirm","confirm":"4436ffb9-69be-4707-b9d0-1a172c3d2955","ts":"2025-12-11T15:04:27.985+05:30","source":{"id":"0","name":"eventBus"}}
{"__type":"$$EventMessageNode","id":"5eda79dc-de41-44ee-a2a1-1b10fdbe1c71","ts":"2025-12-11T15:04:27.992+05:30","eventName":"n8n.node.finished","message":"n8n.node.finished","payload":{"workflowId":"tlSqkuiV9ypfc5aP","workflowName":"email-service","executionId":"448","nodeType":"n8n-nodes-base.code","nodeName":"Code","nodeId":"d156ea1a-f0de-4365-9520-1d03c9206138"}}
{"__type":"$$EventMessageConfirm","confirm":"5eda79dc-de41-44ee-a2a1-1b10fdbe1c71","ts":"2025-12-11T15:04:27.992+05:30","source":{"id":"0","name":"eventBus"}}
{"__type":"$$EventMessageNode","id":"4aff97b8-c9ac-4398-b3ed-ccdb79186e3f","ts":"2025-12-11T15:04:27.992+05:30","eventName":"n8n.node.started","message":"n8n.node.started","payload":{"workflowId":"tlSqkuiV9ypfc5aP","workflowName":"email-service","executionId":"448","nodeType":"n8n-nodes-base.googleSheets","nodeName":"Append row in sheet","nodeId":"9d4a8f60-afa4-459f-afff-800f617e3002"}}
{"__type":"$$EventMessageConfirm","confirm":"4aff97b8-c9ac-4398-b3ed-ccdb79186e3f","ts":"2025-12-11T15:04:27.992+05:30","source":{"id":"0","name":"eventBus"}}
{"__type":"$$EventMessageNode","id":"c6551e71-1110-4bbb-9f11-60690817d4a4","ts":"2025-12-11T15:04:30.698+05:30","eventName":"n8n.node.finished","message":"n8n.node.finished","payload":{"workflowId":"tlSqkuiV9ypfc5aP","workflowName":"email-service","executionId":"448","nodeType":"n8n-nodes-base.googleSheets","nodeName":"Append row in sheet","nodeId":"9d4a8f60-afa4-459f-afff-800f617e3002"}}
{"__type":"$$EventMessageConfirm","confirm":"c6551e71-1110-4bbb-9f11-60690817d4a4","ts":"2025-12-11T15:04:30.698+05:30","source":{"id":"0","name":"eventBus"}}
{"__type":"$$EventMessageWorkflow","id":"edc5c1a6-12ca-4532-9cc7-b3265b979b7a","ts":"2025-12-11T15:04:30.699+05:30","eventName":"n8n.workflow.success","message":"n8n.workflow.success","payload":{"executionId":"448","success":true,"isManual":false,"workflowId":"tlSqkuiV9ypfc5aP","workflowName":"email-service"}}
{"__type":"$$EventMessageConfirm","confirm":"edc5c1a6-12ca-4532-9cc7-b3265b979b7a","ts":"2025-12-11T15:04:30.699+05:30","source":{"id":"0","name":"eventBus"}}
{"__type":"$$EventMessageWorkflow","id":"bbf89f85-2413-47ce-a3ea-1db222e53acb","ts":"2025-12-11T15:09:28.446+05:30","eventName":"n8n.workflow.started","message":"n8n.workflow.started","payload":{"executionId":"449","workflowId":"tlSqkuiV9ypfc5aP","isManual":false,"workflowName":"email-service"}}
{"__type":"$$EventMessageConfirm","confirm":"bbf89f85-2413-47ce-a3ea-1db222e53acb","ts":"2025-12-11T15:09:28.446+05:30","source":{"id":"0","name":"eventBus"}}
{"__type":"$$EventMessageNode","id":"c31587e0-83aa-4687-ac36-472290341b93","ts":"2025-12-11T15:09:28.446+05:30","eventName":"n8n.node.started","message":"n8n.node.started","payload":{"workflowId":"tlSqkuiV9ypfc5aP","workflowName":"email-service","executionId":"449","nodeType":"n8n-nodes-base.gmailTrigger","nodeName":"Gmail Trigger","nodeId":"2acd3d2a-69a3-4bbb-8b7a-0f5356b09ed3"}}
{"__type":"$$EventMessageConfirm","confirm":"c31587e0-83aa-4687-ac36-472290341b93","ts":"2025-12-11T15:09:28.446+05:30","source":{"id":"0","name":"eventBus"}}
{"__type":"$$EventMessageNode","id":"5b15b1f4-fb14-4638-9188-727298292d8e","ts":"2025-12-11T15:09:28.446+05:30","eventName":"n8n.node.finished","message":"n8n.node.finished","payload":{"workflowId":"tlSqkuiV9ypfc5aP","workflowName":"email-service","executionId":"449","nodeType":"n8n-nodes-base.gmailTrigger","nodeName":"Gmail Trigger","nodeId":"2acd3d2a-69a3-4bbb-8b7a-0f5356b09ed3"}}
{"__type":"$$EventMessageConfirm","confirm":"5b15b1f4-fb14-4638-9188-727298292d8e","ts":"2025-12-11T15:09:28.447+05:30","source":{"id":"0","name":"eventBus"}}
{"__type":"$$EventMessageNode","id":"4030915c-c230-4761-ad81-e9636b4c6cb1","ts":"2025-12-11T15:09:28.447+05:30","eventName":"n8n.node.started","message":"n8n.node.started","payload":{"workflowId":"tlSqkuiV9ypfc5aP","workflowName":"email-service","executionId":"449","nodeType":"n8n-nodes-base.code","nodeName":"Code","nodeId":"d156ea1a-f0de-4365-9520-1d03c9206138"}}
{"__type":"$$EventMessageConfirm","confirm":"4030915c-c230-4761-ad81-e9636b4c6cb1","ts":"2025-12-11T15:09:28.447+05:30","source":{"id":"0","name":"eventBus"}}
{"__type":"$$EventMessageNode","id":"33ecaea2-e7ad-4e67-800e-a3b656c1239c","ts":"2025-12-11T15:09:28.452+05:30","eventName":"n8n.node.finished","message":"n8n.node.finished","payload":{"workflowId":"tlSqkuiV9ypfc5aP","workflowName":"email-service","executionId":"449","nodeType":"n8n-nodes-base.code","nodeName":"Code","nodeId":"d156ea1a-f0de-4365-9520-1d03c9206138"}}
{"__type":"$$EventMessageConfirm","confirm":"33ecaea2-e7ad-4e67-800e-a3b656c1239c","ts":"2025-12-11T15:09:28.452+05:30","source":{"id":"0","name":"eventBus"}}
{"__type":"$$EventMessageNode","id":"5f80f944-dc36-481d-b961-4b37e6175607","ts":"2025-12-11T15:09:28.452+05:30","eventName":"n8n.node.started","message":"n8n.node.started","payload":{"workflowId":"tlSqkuiV9ypfc5aP","workflowName":"email-service","executionId":"449","nodeType":"n8n-nodes-base.googleSheets","nodeName":"Append row in sheet","nodeId":"9d4a8f60-afa4-459f-afff-800f617e3002"}}
{"__type":"$$EventMessageConfirm","confirm":"5f80f944-dc36-481d-b961-4b37e6175607","ts":"2025-12-11T15:09:28.452+05:30","source":{"id":"0","name":"eventBus"}}
{"__type":"$$EventMessageNode","id":"87f60e22-5ee1-49a3-96bf-fba70320c582","ts":"2025-12-11T15:09:31.510+05:30","eventName":"n8n.node.finished","message":"n8n.node.finished","payload":{"workflowId":"tlSqkuiV9ypfc5aP","workflowName":"email-service","executionId":"449","nodeType":"n8n-nodes-base.googleSheets","nodeName":"Append row in sheet","nodeId":"9d4a8f60-afa4-459f-afff-800f617e3002"}}
{"__type":"$$EventMessageConfirm","confirm":"87f60e22-5ee1-49a3-96bf-fba70320c582","ts":"2025-12-11T15:09:31.510+05:30","source":{"id":"0","name":"eventBus"}}
{"__type":"$$EventMessageWorkflow","id":"78fd0461-2637-485f-968c-c04ce69c7a56","ts":"2025-12-11T15:09:31.510+05:30","eventName":"n8n.workflow.success","message":"n8n.workflow.success","payload":{"executionId":"449","success":true,"isManual":false,"workflowId":"tlSqkuiV9ypfc5aP","workflowName":"email-service"}}
{"__type":"$$EventMessageConfirm","confirm":"78fd0461-2637-485f-968c-c04ce69c7a56","ts":"2025-12-11T15:09:31.510+05:30","source":{"id":"0","name":"eventBus"}}
{"__type":"$$EventMessageWorkflow","id":"4a45f9ff-2ecc-4453-b36d-3de933a3b4a1","ts":"2025-12-11T15:17:28.046+05:30","eventName":"n8n.workflow.started","message":"n8n.workflow.started","payload":{"executionId":"450","workflowId":"tlSqkuiV9ypfc5aP","isManual":false,"workflowName":"email-service"}}
{"__type":"$$EventMessageConfirm","confirm":"4a45f9ff-2ecc-4453-b36d-3de933a3b4a1","ts":"2025-12-11T15:17:28.046+05:30","source":{"id":"0","name":"eventBus"}}
{"__type":"$$EventMessageNode","id":"35d6ed75-d3d7-4a54-b437-7b39f2aa23e6","ts":"2025-12-11T15:17:28.046+05:30","eventName":"n8n.node.started","message":"n8n.node.started","payload":{"workflowId":"tlSqkuiV9ypfc5aP","workflowName":"email-service","executionId":"450","nodeType":"n8n-nodes-base.gmailTrigger","nodeName":"Gmail Trigger","nodeId":"2acd3d2a-69a3-4bbb-8b7a-0f5356b09ed3"}}
{"__type":"$$EventMessageConfirm","confirm":"35d6ed75-d3d7-4a54-b437-7b39f2aa23e6","ts":"2025-12-11T15:17:28.046+05:30","source":{"id":"0","name":"eventBus"}}
{"__type":"$$EventMessageNode","id":"abb41c5d-22cd-43f6-9af0-c5162fb2433e","ts":"2025-12-11T15:17:28.046+05:30","eventName":"n8n.node.finished","message":"n8n.node.finished","payload":{"workflowId":"tlSqkuiV9ypfc5aP","workflowName":"email-service","executionId":"450","nodeType":"n8n-nodes-base.gmailTrigger","nodeName":"Gmail Trigger","nodeId":"2acd3d2a-69a3-4bbb-8b7a-0f5356b09ed3"}}
{"__type":"$$EventMessageConfirm","confirm":"abb41c5d-22cd-43f6-9af0-c5162fb2433e","ts":"2025-12-11T15:17:28.047+05:30","source":{"id":"0","name":"eventBus"}}
{"__type":"$$EventMessageNode","id":"b2ccff8e-3704-44a0-97bd-0497fe64797e","ts":"2025-12-11T15:17:28.047+05:30","eventName":"n8n.node.started","message":"n8n.node.started","payload":{"workflowId":"tlSqkuiV9ypfc5aP","workflowName":"email-service","executionId":"450","nodeType":"n8n-nodes-base.code","nodeName":"Code","nodeId":"d156ea1a-f0de-4365-9520-1d03c9206138"}}
{"__type":"$$EventMessageConfirm","confirm":"b2ccff8e-3704-44a0-97bd-0497fe64797e","ts":"2025-12-11T15:17:28.047+05:30","source":{"id":"0","name":"eventBus"}}
{"__type":"$$EventMessageNode","id":"472f3821-83f5-4edb-b272-1f8b45ff0f21","ts":"2025-12-11T15:17:28.052+05:30","eventName":"n8n.node.finished","message":"n8n.node.finished","payload":{"workflowId":"tlSqkuiV9ypfc5aP","workflowName":"email-service","executionId":"450","nodeType":"n8n-nodes-base.code","nodeName":"Code","nodeId":"d156ea1a-f0de-4365-9520-1d03c9206138"}}
{"__type":"$$EventMessageConfirm","confirm":"472f3821-83f5-4edb-b272-1f8b45ff0f21","ts":"2025-12-11T15:17:28.052+05:30","source":{"id":"0","name":"eventBus"}}
{"__type":"$$EventMessageNode","id":"8f4af5db-0ddc-42c4-8f01-ecfe973b5e8e","ts":"2025-12-11T15:17:28.052+05:30","eventName":"n8n.node.started","message":"n8n.node.started","payload":{"workflowId":"tlSqkuiV9ypfc5aP","workflowName":"email-service","executionId":"450","nodeType":"n8n-nodes-base.googleSheets","nodeName":"Append row in sheet","nodeId":"9d4a8f60-afa4-459f-afff-800f617e3002"}}
{"__type":"$$EventMessageConfirm","confirm":"8f4af5db-0ddc-42c4-8f01-ecfe973b5e8e","ts":"2025-12-11T15:17:28.052+05:30","source":{"id":"0","name":"eventBus"}}
{"__type":"$$EventMessageNode","id":"21b43444-a69e-46bf-a13f-0bb36b1089d9","ts":"2025-12-11T15:17:31.231+05:30","eventName":"n8n.node.finished","message":"n8n.node.finished","payload":{"workflowId":"tlSqkuiV9ypfc5aP","workflowName":"email-service","executionId":"450","nodeType":"n8n-nodes-base.googleSheets","nodeName":"Append row in sheet","nodeId":"9d4a8f60-afa4-459f-afff-800f617e3002"}}
{"__type":"$$EventMessageConfirm","confirm":"21b43444-a69e-46bf-a13f-0bb36b1089d9","ts":"2025-12-11T15:17:31.231+05:30","source":{"id":"0","name":"eventBus"}}
{"__type":"$$EventMessageWorkflow","id":"762fa437-6df9-4217-a36f-f6fd6e6da2cc","ts":"2025-12-11T15:17:31.231+05:30","eventName":"n8n.workflow.success","message":"n8n.workflow.success","payload":{"executionId":"450","success":true,"isManual":false,"workflowId":"tlSqkuiV9ypfc5aP","workflowName":"email-service"}}
{"__type":"$$EventMessageConfirm","confirm":"762fa437-6df9-4217-a36f-f6fd6e6da2cc","ts":"2025-12-11T15:17:31.231+05:30","source":{"id":"0","name":"eventBus"}}
{"__type":"$$EventMessageWorkflow","id":"01ec940a-2bac-40c7-92f0-327d8509d2ac","ts":"2025-12-11T15:25:28.188+05:30","eventName":"n8n.workflow.started","message":"n8n.workflow.started","payload":{"executionId":"451","workflowId":"tlSqkuiV9ypfc5aP","isManual":false,"workflowName":"email-service"}}
{"__type":"$$EventMessageConfirm","confirm":"01ec940a-2bac-40c7-92f0-327d8509d2ac","ts":"2025-12-11T15:25:28.189+05:30","source":{"id":"0","name":"eventBus"}}
{"__type":"$$EventMessageNode","id":"9c96befd-7390-4081-81f7-f2656b3f60db","ts":"2025-12-11T15:25:28.189+05:30","eventName":"n8n.node.started","message":"n8n.node.started","payload":{"workflowId":"tlSqkuiV9ypfc5aP","workflowName":"email-service","executionId":"451","nodeType":"n8n-nodes-base.gmailTrigger","nodeName":"Gmail Trigger","nodeId":"2acd3d2a-69a3-4bbb-8b7a-0f5356b09ed3"}}
{"__type":"$$EventMessageConfirm","confirm":"9c96befd-7390-4081-81f7-f2656b3f60db","ts":"2025-12-11T15:25:28.189+05:30","source":{"id":"0","name":"eventBus"}}
{"__type":"$$EventMessageNode","id":"aaa58392-8e1e-4a57-a462-225282be56cd","ts":"2025-12-11T15:25:28.189+05:30","eventName":"n8n.node.finished","message":"n8n.node.finished","payload":{"workflowId":"tlSqkuiV9ypfc5aP","workflowName":"email-service","executionId":"451","nodeType":"n8n-nodes-base.gmailTrigger","nodeName":"Gmail Trigger","nodeId":"2acd3d2a-69a3-4bbb-8b7a-0f5356b09ed3"}}
{"__type":"$$EventMessageConfirm","confirm":"aaa58392-8e1e-4a57-a462-225282be56cd","ts":"2025-12-11T15:25:28.189+05:30","source":{"id":"0","name":"eventBus"}}
{"__type":"$$EventMessageNode","id":"f9df416e-1218-41f0-8398-eb60e79321f4","ts":"2025-12-11T15:25:28.189+05:30","eventName":"n8n.node.started","message":"n8n.node.started","payload":{"workflowId":"tlSqkuiV9ypfc5aP","workflowName":"email-service","executionId":"451","nodeType":"n8n-nodes-base.code","nodeName":"Code","nodeId":"d156ea1a-f0de-4365-9520-1d03c9206138"}}
{"__type":"$$EventMessageConfirm","confirm":"f9df416e-1218-41f0-8398-eb60e79321f4","ts":"2025-12-11T15:25:28.189+05:30","source":{"id":"0","name":"eventBus"}}
{"__type":"$$EventMessageNode","id":"f14061cf-60ff-4a27-89dc-4d0d8b0a0178","ts":"2025-12-11T15:25:28.197+05:30","eventName":"n8n.node.finished","message":"n8n.node.finished","payload":{"workflowId":"tlSqkuiV9ypfc5aP","workflowName":"email-service","executionId":"451","nodeType":"n8n-nodes-base.code","nodeName":"Code","nodeId":"d156ea1a-f0de-4365-9520-1d03c9206138"}}
{"__type":"$$EventMessageConfirm","confirm":"f14061cf-60ff-4a27-89dc-4d0d8b0a0178","ts":"2025-12-11T15:25:28.197+05:30","source":{"id":"0","name":"eventBus"}}
{"__type":"$$EventMessageNode","id":"2792c6e9-0294-478e-a03f-eca64c0755a4","ts":"2025-12-11T15:25:28.197+05:30","eventName":"n8n.node.started","message":"n8n.node.started","payload":{"workflowId":"tlSqkuiV9ypfc5aP","workflowName":"email-service","executionId":"451","nodeType":"n8n-nodes-base.googleSheets","nodeName":"Append row in sheet","nodeId":"9d4a8f60-afa4-459f-afff-800f617e3002"}}
{"__type":"$$EventMessageConfirm","confirm":"2792c6e9-0294-478e-a03f-eca64c0755a4","ts":"2025-12-11T15:25:28.197+05:30","source":{"id":"0","name":"eventBus"}}
{"__type":"$$EventMessageNode","id":"4e1337fc-2fc5-43cd-a741-ab68c497f806","ts":"2025-12-11T15:25:31.313+05:30","eventName":"n8n.node.finished","message":"n8n.node.finished","payload":{"workflowId":"tlSqkuiV9ypfc5aP","workflowName":"email-service","executionId":"451","nodeType":"n8n-nodes-base.googleSheets","nodeName":"Append row in sheet","nodeId":"9d4a8f60-afa4-459f-afff-800f617e3002"}}
{"__type":"$$EventMessageConfirm","confirm":"4e1337fc-2fc5-43cd-a741-ab68c497f806","ts":"2025-12-11T15:25:31.313+05:30","source":{"id":"0","name":"eventBus"}}
{"__type":"$$EventMessageWorkflow","id":"4942a156-eeb9-4536-8d84-961c634f4dbc","ts":"2025-12-11T15:25:31.314+05:30","eventName":"n8n.workflow.success","message":"n8n.workflow.success","payload":{"executionId":"451","success":true,"isManual":false,"workflowId":"tlSqkuiV9ypfc5aP","workflowName":"email-service"}}
{"__type":"$$EventMessageConfirm","confirm":"4942a156-eeb9-4536-8d84-961c634f4dbc","ts":"2025-12-11T15:25:31.314+05:30","source":{"id":"0","name":"eventBus"}}
